This file contains any messages produced by compilers while
running configure, to aid debugging if configure makes a mistake.

It was created by texinfo configure 0, which was
generated by GNU Autoconf 2.69.  Invocation command line was

  $ /home/mhodges/gem/local/src/texinfo-6.7/src/tp/Texinfo/XS/configure --disable-option-checking --prefix=/home/mhodges/gem/local_x86_64-pc-linux-gnu/release --host=x86_64-pc-linux-gnu --build=x86_64-pc-linux-gnu --target=x86_64-pc-linux-gnu --with-sysroot=/ CFLAGS=-std=gnu90  -march=x86-64 -msse4.2 -mpopcnt -m64 -mtune=intel  -O2 CPPFLAGS= -march=x86-64 -msse4.2 -mpopcnt -m64 -mtune=intel  -O2 CXXFLAGS= -march=x86-64 -msse4.2 -mpopcnt -m64 -mtune=intel  -O2 build_alias=x86_64-pc-linux-gnu host_alias=x86_64-pc-linux-gnu target_alias=x86_64-pc-linux-gnu --cache-file=/dev/null --srcdir=/home/mhodges/gem/local/src/texinfo-6.7/src/tp/Texinfo/XS

## --------- ##
## Platform. ##
## --------- ##

hostname = f31v1.localdomain
uname -m = x86_64
uname -r = 5.3.14-300.fc31.x86_64
uname -s = Linux
uname -v = #1 SMP Mon Dec 2 15:41:35 UTC 2019

/usr/bin/uname -p = x86_64
/bin/uname -X     = unknown

/bin/arch              = x86_64
/usr/bin/arch -k       = unknown
/usr/convex/getsysinfo = unknown
/usr/bin/hostinfo      = unknown
/bin/machine           = unknown
/usr/bin/oslevel       = unknown
/bin/universe          = unknown

PATH: /home/mhodges/gem/local/sbin
PATH: /home/mhodges/gem/local/sbin
PATH: /home/mhodges/.local/bin
PATH: /home/mhodges/bin
PATH: /usr/lib64/ccache
PATH: /usr/local/bin
PATH: /usr/bin
PATH: /bin
PATH: /usr/local/sbin
PATH: /usr/sbin
PATH: /home/mhodges/gem/local_x86_64-pc-linux-gnu/release/bin
PATH: /home/mhodges/android/Sdk/platform-tools
PATH: /home/mhodges/android/Sdk/tools
PATH: /home/mhodges/gem/local_x86_64-pc-linux-gnu/release/bin
PATH: /home/mhodges/android/Sdk/platform-tools
PATH: /home/mhodges/android/Sdk/tools


## ----------- ##
## Core tests. ##
## ----------- ##

configure:2961: checking for a BSD-compatible install
configure:3029: result: /usr/bin/install -c
configure:3040: checking whether build environment is sane
configure:3095: result: yes
configure:3244: checking for a thread-safe mkdir -p
configure:3283: result: /usr/bin/mkdir -p
configure:3290: checking for gawk
configure:3306: found /usr/bin/gawk
configure:3317: result: gawk
configure:3328: checking whether make sets $(MAKE)
configure:3350: result: yes
configure:3379: checking whether make supports nested variables
configure:3396: result: yes
configure:3566: checking for perl
configure:3584: found /usr/bin/perl
configure:3596: result: /usr/bin/perl
configure:3614: checking Perl configuration value cc
configure:3617: result: gcc
configure:3646: checking for x86_64-pc-linux-gnu-gcc
configure:3673: result: gcc
configure:3942: checking for C compiler version
configure:3951: gcc --version >&5
gcc (GCC) 9.2.1 20190827 (Red Hat 9.2.1-1)
Copyright (C) 2019 Free Software Foundation, Inc.
This is free software; see the source for copying conditions.  There is NO
warranty; not even for MERCHANTABILITY or FITNESS FOR A PARTICULAR PURPOSE.

configure:3962: $? = 0
configure:3951: gcc -v >&5
Using built-in specs.
COLLECT_GCC=/usr/bin/gcc
COLLECT_LTO_WRAPPER=/usr/libexec/gcc/x86_64-redhat-linux/9/lto-wrapper
OFFLOAD_TARGET_NAMES=nvptx-none
OFFLOAD_TARGET_DEFAULT=1
Target: x86_64-redhat-linux
Configured with: ../configure --enable-bootstrap --enable-languages=c,c++,fortran,objc,obj-c++,ada,go,d,lto --prefix=/usr --mandir=/usr/share/man --infodir=/usr/share/info --with-bugurl=http://bugzilla.redhat.com/bugzilla --enable-shared --enable-threads=posix --enable-checking=release --enable-multilib --with-system-zlib --enable-__cxa_atexit --disable-libunwind-exceptions --enable-gnu-unique-object --enable-linker-build-id --with-gcc-major-version-only --with-linker-hash-style=gnu --enable-plugin --enable-initfini-array --with-isl --enable-offload-targets=nvptx-none --without-cuda-driver --enable-gnu-indirect-function --enable-cet --with-tune=generic --with-arch_32=i686 --build=x86_64-redhat-linux
Thread model: posix
gcc version 9.2.1 20190827 (Red Hat 9.2.1-1) (GCC) 
configure:3962: $? = 0
configure:3951: gcc -V >&5
gcc: error: unrecognized command line option '-V'
gcc: fatal error: no input files
compilation terminated.
configure:3962: $? = 1
configure:3951: gcc -qversion >&5
gcc: error: unrecognized command line option '-qversion'; did you mean '--version'?
gcc: fatal error: no input files
compilation terminated.
configure:3962: $? = 1
configure:3982: checking whether the C compiler works
configure:4004: gcc    conftest.c  >&5
configure:4008: $? = 0
configure:4056: result: yes
configure:4059: checking for C compiler default output file name
configure:4061: result: a.out
configure:4067: checking for suffix of executables
configure:4074: gcc -o conftest    conftest.c  >&5
configure:4078: $? = 0
configure:4100: result: 
configure:4122: checking whether we are cross compiling
configure:4130: gcc -o conftest    conftest.c  >&5
configure:4134: $? = 0
configure:4141: ./conftest
configure:4145: $? = 0
configure:4133: result: no
configure:4138: checking for suffix of object files
configure:4160: gcc -c   conftest.c >&5
configure:4164: $? = 0
configure:4185: result: o
configure:4189: checking whether we are using the GNU C compiler
configure:4208: gcc -c   conftest.c >&5
configure:4208: $? = 0
configure:4217: result: yes
configure:4226: checking whether gcc accepts -g
configure:4246: gcc -c -g  conftest.c >&5
configure:4246: $? = 0
configure:4287: result: yes
configure:4304: checking for gcc option to accept ISO C89
configure:4367: gcc  -c   conftest.c >&5
configure:4367: $? = 0
configure:4380: result: none needed
configure:4405: checking whether gcc understands -c and -o together
configure:4427: gcc -c conftest.c -o conftest2.o
configure:4430: $? = 0
configure:4427: gcc -c conftest.c -o conftest2.o
configure:4430: $? = 0
configure:4442: result: yes
configure:4462: checking whether make supports the include directive
configure:4477: make -f confmf.GNU && cat confinc.out
this is the am__doit target
configure:4480: $? = 0
configure:4499: result: yes (GNU style)
configure:4524: checking dependency style of gcc
configure:4635: result: gcc3
configure:4657: checking how to run the C preprocessor
configure:4688: gcc -E  conftest.c
configure:4688: $? = 0
configure:4702: gcc -E  conftest.c
conftest.c:11:10: fatal error: ac_nonexistent.h: No such file or directory
   11 | #include <ac_nonexistent.h>
      |          ^~~~~~~~~~~~~~~~~~
compilation terminated.
configure:4702: $? = 1
configure: failed program was:
| /* confdefs.h */
| #define PACKAGE_NAME "texinfo"
| #define PACKAGE_TARNAME "texinfo"
| #define PACKAGE_VERSION "0"
| #define PACKAGE_STRING "texinfo 0"
| #define PACKAGE_BUGREPORT ""
| #define PACKAGE_URL ""
| #define PACKAGE "texinfo"
| #define VERSION "0"
| /* end confdefs.h.  */
| #include <ac_nonexistent.h>
configure:4727: result: gcc -E
configure:4747: gcc -E  conftest.c
configure:4747: $? = 0
configure:4761: gcc -E  conftest.c
conftest.c:11:10: fatal error: ac_nonexistent.h: No such file or directory
   11 | #include <ac_nonexistent.h>
      |          ^~~~~~~~~~~~~~~~~~
compilation terminated.
configure:4761: $? = 1
configure: failed program was:
| /* confdefs.h */
| #define PACKAGE_NAME "texinfo"
| #define PACKAGE_TARNAME "texinfo"
| #define PACKAGE_VERSION "0"
| #define PACKAGE_STRING "texinfo 0"
| #define PACKAGE_BUGREPORT ""
| #define PACKAGE_URL ""
| #define PACKAGE "texinfo"
| #define VERSION "0"
| /* end confdefs.h.  */
| #include <ac_nonexistent.h>
configure:4790: checking for grep that handles long lines and -e
configure:4848: result: /usr/bin/grep
configure:4853: checking for egrep
configure:4915: result: /usr/bin/grep -E
configure:4920: checking for ANSI C header files
configure:4940: gcc -c   conftest.c >&5
configure:4940: $? = 0
configure:5013: gcc -o conftest    conftest.c  >&5
configure:5013: $? = 0
configure:5013: ./conftest
configure:5013: $? = 0
configure:5024: result: yes
configure:5037: checking for sys/types.h
configure:5037: gcc -c   conftest.c >&5
configure:5037: $? = 0
configure:5037: result: yes
configure:5037: checking for sys/stat.h
configure:5037: gcc -c   conftest.c >&5
configure:5037: $? = 0
configure:5037: result: yes
configure:5037: checking for stdlib.h
configure:5037: gcc -c   conftest.c >&5
configure:5037: $? = 0
configure:5037: result: yes
configure:5037: checking for string.h
configure:5037: gcc -c   conftest.c >&5
configure:5037: $? = 0
configure:5037: result: yes
configure:5037: checking for memory.h
configure:5037: gcc -c   conftest.c >&5
configure:5037: $? = 0
configure:5037: result: yes
configure:5037: checking for strings.h
configure:5037: gcc -c   conftest.c >&5
configure:5037: $? = 0
configure:5037: result: yes
configure:5037: checking for inttypes.h
configure:5037: gcc -c   conftest.c >&5
configure:5037: $? = 0
configure:5037: result: yes
configure:5037: checking for stdint.h
configure:5037: gcc -c   conftest.c >&5
configure:5037: $? = 0
configure:5037: result: yes
configure:5037: checking for unistd.h
configure:5037: gcc -c   conftest.c >&5
configure:5037: $? = 0
configure:5037: result: yes
configure:5050: checking minix/config.h usability
configure:5050: gcc -c   conftest.c >&5
conftest.c:54:10: fatal error: minix/config.h: No such file or directory
   54 | #include <minix/config.h>
      |          ^~~~~~~~~~~~~~~~
compilation terminated.
configure:5050: $? = 1
configure: failed program was:
| /* confdefs.h */
| #define PACKAGE_NAME "texinfo"
| #define PACKAGE_TARNAME "texinfo"
| #define PACKAGE_VERSION "0"
| #define PACKAGE_STRING "texinfo 0"
| #define PACKAGE_BUGREPORT ""
| #define PACKAGE_URL ""
| #define PACKAGE "texinfo"
| #define VERSION "0"
| #define STDC_HEADERS 1
| #define HAVE_SYS_TYPES_H 1
| #define HAVE_SYS_STAT_H 1
| #define HAVE_STDLIB_H 1
| #define HAVE_STRING_H 1
| #define HAVE_MEMORY_H 1
| #define HAVE_STRINGS_H 1
| #define HAVE_INTTYPES_H 1
| #define HAVE_STDINT_H 1
| #define HAVE_UNISTD_H 1
| /* end confdefs.h.  */
| #include <stdio.h>
| #ifdef HAVE_SYS_TYPES_H
| # include <sys/types.h>
| #endif
| #ifdef HAVE_SYS_STAT_H
| # include <sys/stat.h>
| #endif
| #ifdef STDC_HEADERS
| # include <stdlib.h>
| # include <stddef.h>
| #else
| # ifdef HAVE_STDLIB_H
| #  include <stdlib.h>
| # endif
| #endif
| #ifdef HAVE_STRING_H
| # if !defined STDC_HEADERS && defined HAVE_MEMORY_H
| #  include <memory.h>
| # endif
| # include <string.h>
| #endif
| #ifdef HAVE_STRINGS_H
| # include <strings.h>
| #endif
| #ifdef HAVE_INTTYPES_H
| # include <inttypes.h>
| #endif
| #ifdef HAVE_STDINT_H
| # include <stdint.h>
| #endif
| #ifdef HAVE_UNISTD_H
| # include <unistd.h>
| #endif
| #include <minix/config.h>
configure:5050: result: no
configure:5050: checking minix/config.h presence
configure:5050: gcc -E  conftest.c
conftest.c:21:10: fatal error: minix/config.h: No such file or directory
   21 | #include <minix/config.h>
      |          ^~~~~~~~~~~~~~~~
compilation terminated.
configure:5050: $? = 1
configure: failed program was:
| /* confdefs.h */
| #define PACKAGE_NAME "texinfo"
| #define PACKAGE_TARNAME "texinfo"
| #define PACKAGE_VERSION "0"
| #define PACKAGE_STRING "texinfo 0"
| #define PACKAGE_BUGREPORT ""
| #define PACKAGE_URL ""
| #define PACKAGE "texinfo"
| #define VERSION "0"
| #define STDC_HEADERS 1
| #define HAVE_SYS_TYPES_H 1
| #define HAVE_SYS_STAT_H 1
| #define HAVE_STDLIB_H 1
| #define HAVE_STRING_H 1
| #define HAVE_MEMORY_H 1
| #define HAVE_STRINGS_H 1
| #define HAVE_INTTYPES_H 1
| #define HAVE_STDINT_H 1
| #define HAVE_UNISTD_H 1
| /* end confdefs.h.  */
| #include <minix/config.h>
configure:5050: result: no
configure:5050: checking for minix/config.h
configure:5050: result: no
configure:5074: checking whether it is safe to define __EXTENSIONS__
configure:5092: gcc -c   conftest.c >&5
configure:5092: $? = 0
configure:5099: result: yes
configure:5132: checking whether _XOPEN_SOURCE should be defined
configure:5151: gcc -c   conftest.c >&5
configure:5151: $? = 0
configure:5175: result: no
configure:5192: checking for Minix Amsterdam compiler
configure:5216: result: no
configure:5233: checking for x86_64-pc-linux-gnu-ar
configure:5263: result: no
configure:5273: checking for ar
configure:5289: found /usr/bin/ar
configure:5300: result: ar
configure:5335: checking for x86_64-pc-linux-gnu-ranlib
configure:5365: result: no
configure:5375: checking for ranlib
configure:5391: found /usr/bin/ranlib
configure:5402: result: ranlib
configure:5469: checking for a sed that does not truncate output
configure:5533: result: /usr/bin/sed
configure:5539: checking whether NLS is requested
configure:5548: result: yes
configure:5588: checking for msgfmt
configure: trying /usr/bin/msgfmt...
0 translated messages.
configure:5620: result: /usr/bin/msgfmt
configure:5629: checking for gmsgfmt
configure:5660: result: /usr/bin/msgfmt
configure:5710: checking for xgettext
configure: trying /usr/bin/xgettext...
/usr/bin/xgettext: warning: file '/dev/null' extension '' is unknown; will try C
configure:5742: result: /usr/bin/xgettext
configure:5787: checking for msgmerge
configure: trying /usr/bin/msgmerge...
configure:5818: result: /usr/bin/msgmerge
configure:5855: checking build system type
configure:5869: result: x86_64-pc-linux-gnu
configure:5889: checking host system type
configure:5902: result: x86_64-pc-linux-gnu
configure:5948: checking for ld used by gcc
configure:6073: result: /usr/bin/ld
configure:6080: checking if the linker (/usr/bin/ld) is GNU ld
configure:6095: result: yes
configure:6102: checking for shared library run path origin
configure:6115: result: done
configure:6136: checking 32-bit host C ABI
configure:6174: gcc -c   conftest.c >&5
configure:6174: $? = 0
configure:6361: result: no
configure:6398: checking for the common suffixes of directories in the library search path
configure:6449: result: lib64,lib64
configure:6979: checking for GNU gettext in libc
configure:7008: gcc -o conftest    conftest.c  >&5
configure:7008: $? = 0
configure:7017: result: yes
configure:7874: checking whether to use NLS
configure:7876: result: yes
configure:7879: checking where the gettext function comes from
configure:7890: result: libc
configure:7960: checking for size_t
configure:7960: gcc -c   conftest.c >&5
configure:7960: $? = 0
configure:7960: gcc -c   conftest.c >&5
conftest.c: In function 'main':
conftest.c:76:21: error: expected expression before ')' token
   76 | if (sizeof ((size_t)))
      |                     ^
configure:7960: $? = 1
configure: failed program was:
| /* confdefs.h */
| #define PACKAGE_NAME "texinfo"
| #define PACKAGE_TARNAME "texinfo"
| #define PACKAGE_VERSION "0"
| #define PACKAGE_STRING "texinfo 0"
| #define PACKAGE_BUGREPORT ""
| #define PACKAGE_URL ""
| #define PACKAGE "texinfo"
| #define VERSION "0"
| #define STDC_HEADERS 1
| #define HAVE_SYS_TYPES_H 1
| #define HAVE_SYS_STAT_H 1
| #define HAVE_STDLIB_H 1
| #define HAVE_STRING_H 1
| #define HAVE_MEMORY_H 1
| #define HAVE_STRINGS_H 1
| #define HAVE_INTTYPES_H 1
| #define HAVE_STDINT_H 1
| #define HAVE_UNISTD_H 1
| #define __EXTENSIONS__ 1
| #define _ALL_SOURCE 1
| #define _DARWIN_C_SOURCE 1
| #define _GNU_SOURCE 1
| #define _NETBSD_SOURCE 1
| #define _OPENBSD_SOURCE 1
| #define _POSIX_PTHREAD_SEMANTICS 1
| #define __STDC_WANT_IEC_60559_ATTRIBS_EXT__ 1
| #define __STDC_WANT_IEC_60559_BFP_EXT__ 1
| #define __STDC_WANT_IEC_60559_DFP_EXT__ 1
| #define __STDC_WANT_IEC_60559_FUNCS_EXT__ 1
| #define __STDC_WANT_IEC_60559_TYPES_EXT__ 1
| #define __STDC_WANT_LIB_EXT2__ 1
| #define __STDC_WANT_MATH_SPEC_FUNCS__ 1
| #define _TANDEM_SOURCE 1
| #define _HPUX_ALT_XOPEN_SOCKET_API 1
| #define ENABLE_NLS 1
| #define HAVE_GETTEXT 1
| #define HAVE_DCGETTEXT 1
| /* end confdefs.h.  */
| #include <stdio.h>
| #ifdef HAVE_SYS_TYPES_H
| # include <sys/types.h>
| #endif
| #ifdef HAVE_SYS_STAT_H
| # include <sys/stat.h>
| #endif
| #ifdef STDC_HEADERS
| # include <stdlib.h>
| # include <stddef.h>
| #else
| # ifdef HAVE_STDLIB_H
| #  include <stdlib.h>
| # endif
| #endif
| #ifdef HAVE_STRING_H
| # if !defined STDC_HEADERS && defined HAVE_MEMORY_H
| #  include <memory.h>
| # endif
| # include <string.h>
| #endif
| #ifdef HAVE_STRINGS_H
| # include <strings.h>
| #endif
| #ifdef HAVE_INTTYPES_H
| # include <inttypes.h>
| #endif
| #ifdef HAVE_STDINT_H
| # include <stdint.h>
| #endif
| #ifdef HAVE_UNISTD_H
| # include <unistd.h>
| #endif
| int
| main ()
| {
| if (sizeof ((size_t)))
| 	    return 0;
|   ;
|   return 0;
| }
configure:7960: result: yes
configure:7973: checking for working alloca.h
configure:7990: gcc -o conftest    conftest.c  >&5
configure:7990: $? = 0
configure:7998: result: yes
configure:8006: checking for alloca
configure:8043: gcc -o conftest    conftest.c  >&5
configure:8043: $? = 0
configure:8051: result: yes
configure:8163: checking whether the preprocessor supports include_next
configure:8201: gcc -c   -Iconftestd1b -Iconftestd2 conftest.c >&5
configure:8201: $? = 0
configure:8222: result: yes
configure:8243: checking whether system header files limit the line length
configure:8266: result: no
configure:8277: checking for complete errno.h
configure:8350: result: yes
configure:8757: checking whether getdelim is declared
configure:8757: gcc -c   conftest.c >&5
configure:8757: $? = 0
configure:8757: result: yes
configure:8774: checking for getdelim
configure:8774: gcc -o conftest    conftest.c  >&5
configure:8774: $? = 0
configure:8774: result: yes
configure:8774: checking for mprotect
configure:8774: gcc -o conftest    conftest.c  >&5
configure:8774: $? = 0
configure:8774: result: yes
configure:8774: checking for strndup
configure:8774: gcc -o conftest    conftest.c  >&5
conftest.c:68:6: warning: conflicting types for built-in function 'strndup'; expected 'char *(const char *, long unsigned int)' [-Wbuiltin-declaration-mismatch]
   68 | char strndup ();
      |      ^~~~~~~
configure:8774: $? = 0
configure:8774: result: yes
configure:8774: checking for vasnprintf
configure:8774: gcc -o conftest    conftest.c  >&5
/usr/bin/ld: /tmp/ccvwX0m5.o: in function `main':
conftest.c:(.text+0xa): undefined reference to `vasnprintf'
collect2: error: ld returned 1 exit status
configure:8774: $? = 1
configure: failed program was:
| /* confdefs.h */
| #define PACKAGE_NAME "texinfo"
| #define PACKAGE_TARNAME "texinfo"
| #define PACKAGE_VERSION "0"
| #define PACKAGE_STRING "texinfo 0"
| #define PACKAGE_BUGREPORT ""
| #define PACKAGE_URL ""
| #define PACKAGE "texinfo"
| #define VERSION "0"
| #define STDC_HEADERS 1
| #define HAVE_SYS_TYPES_H 1
| #define HAVE_SYS_STAT_H 1
| #define HAVE_STDLIB_H 1
| #define HAVE_STRING_H 1
| #define HAVE_MEMORY_H 1
| #define HAVE_STRINGS_H 1
| #define HAVE_INTTYPES_H 1
| #define HAVE_STDINT_H 1
| #define HAVE_UNISTD_H 1
| #define __EXTENSIONS__ 1
| #define _ALL_SOURCE 1
| #define _DARWIN_C_SOURCE 1
| #define _GNU_SOURCE 1
| #define _NETBSD_SOURCE 1
| #define _OPENBSD_SOURCE 1
| #define _POSIX_PTHREAD_SEMANTICS 1
| #define __STDC_WANT_IEC_60559_ATTRIBS_EXT__ 1
| #define __STDC_WANT_IEC_60559_BFP_EXT__ 1
| #define __STDC_WANT_IEC_60559_DFP_EXT__ 1
| #define __STDC_WANT_IEC_60559_FUNCS_EXT__ 1
| #define __STDC_WANT_IEC_60559_TYPES_EXT__ 1
| #define __STDC_WANT_LIB_EXT2__ 1
| #define __STDC_WANT_MATH_SPEC_FUNCS__ 1
| #define _TANDEM_SOURCE 1
| #define _HPUX_ALT_XOPEN_SOCKET_API 1
| #define ENABLE_NLS 1
| #define HAVE_GETTEXT 1
| #define HAVE_DCGETTEXT 1
| #define HAVE_ALLOCA_H 1
| #define HAVE_ALLOCA 1
| #define HAVE_DECL_GETDELIM 1
| #define HAVE_GETDELIM 1
| #define HAVE_MPROTECT 1
| #define HAVE_STRNDUP 1
| /* end confdefs.h.  */
| /* Define vasnprintf to an innocuous variant, in case <limits.h> declares vasnprintf.
|    For example, HP-UX 11i <limits.h> declares gettimeofday.  */
| #define vasnprintf innocuous_vasnprintf
| 
| /* System header to define __stub macros and hopefully few prototypes,
|     which can conflict with char vasnprintf (); below.
|     Prefer <limits.h> to <assert.h> if __STDC__ is defined, since
|     <limits.h> exists even on freestanding compilers.  */
| 
| #ifdef __STDC__
| # include <limits.h>
| #else
| # include <assert.h>
| #endif
| 
| #undef vasnprintf
| 
| /* Override any GCC internal prototype to avoid an error.
|    Use char because int might match the return type of a GCC
|    builtin and then its argument prototype would still apply.  */
| #ifdef __cplusplus
| extern "C"
| #endif
| char vasnprintf ();
| /* The GNU C library defines this for functions which it implements
|     to always fail with ENOSYS.  Some functions are actually named
|     something starting with __ and the normal name is an alias.  */
| #if defined __stub_vasnprintf || defined __stub___vasnprintf
| choke me
| #endif
| 
| int
| main ()
| {
| return vasnprintf ();
|   ;
|   return 0;
| }
configure:8774: result: no
configure:8774: checking for snprintf
configure:8774: gcc -o conftest    conftest.c  >&5
conftest.c:69:6: warning: conflicting types for built-in function 'snprintf'; expected 'int(char *, long unsigned int,  const char *, ...)' [-Wbuiltin-declaration-mismatch]
   69 | char snprintf ();
      |      ^~~~~~~~
conftest.c:57:1: note: 'snprintf' is declared in header '<stdio.h>'
   56 | # include <limits.h>
   57 | #else
configure:8774: $? = 0
configure:8774: result: yes
configure:8785: checking whether getline is declared
configure:8785: gcc -c   conftest.c >&5
configure:8785: $? = 0
configure:8785: result: yes
configure:8826: checking for iconv
configure:8850: gcc -o conftest    conftest.c  >&5
configure:8850: $? = 0
configure:8884: result: yes
configure:8887: checking for working iconv
configure:9028: gcc -o conftest    conftest.c  >&5
configure:9028: $? = 0
configure:9028: ./conftest
configure:9028: $? = 0
configure:9040: result: yes
configure:9068: checking for iconv declaration
configure:9097: gcc -c   conftest.c >&5
configure:9097: $? = 0
configure:9108: result:
         extern size_t iconv (iconv_t cd, char * *inbuf, size_t *inbytesleft, char * *outbuf, size_t *outbytesleft);
configure:9127: checking for limits.h
configure:9127: gcc -c   conftest.c >&5
configure:9127: $? = 0
configure:9127: result: yes
configure:9127: checking for sys/mman.h
configure:9127: gcc -c   conftest.c >&5
configure:9127: $? = 0
configure:9127: result: yes
configure:9127: checking for wchar.h
configure:9127: gcc -c   conftest.c >&5
configure:9127: $? = 0
configure:9127: result: yes
configure:9127: checking for stdint.h
configure:9127: result: yes
configure:9127: checking for features.h
configure:9127: gcc -c   conftest.c >&5
configure:9127: $? = 0
configure:9127: result: yes
configure:9127: checking for crtdefs.h
configure:9127: gcc -c   conftest.c >&5
conftest.c:89:10: fatal error: crtdefs.h: No such file or directory
   89 | #include <crtdefs.h>
      |          ^~~~~~~~~~~
compilation terminated.
configure:9127: $? = 1
configure: failed program was:
| /* confdefs.h */
| #define PACKAGE_NAME "texinfo"
| #define PACKAGE_TARNAME "texinfo"
| #define PACKAGE_VERSION "0"
| #define PACKAGE_STRING "texinfo 0"
| #define PACKAGE_BUGREPORT ""
| #define PACKAGE_URL ""
| #define PACKAGE "texinfo"
| #define VERSION "0"
| #define STDC_HEADERS 1
| #define HAVE_SYS_TYPES_H 1
| #define HAVE_SYS_STAT_H 1
| #define HAVE_STDLIB_H 1
| #define HAVE_STRING_H 1
| #define HAVE_MEMORY_H 1
| #define HAVE_STRINGS_H 1
| #define HAVE_INTTYPES_H 1
| #define HAVE_STDINT_H 1
| #define HAVE_UNISTD_H 1
| #define __EXTENSIONS__ 1
| #define _ALL_SOURCE 1
| #define _DARWIN_C_SOURCE 1
| #define _GNU_SOURCE 1
| #define _NETBSD_SOURCE 1
| #define _OPENBSD_SOURCE 1
| #define _POSIX_PTHREAD_SEMANTICS 1
| #define __STDC_WANT_IEC_60559_ATTRIBS_EXT__ 1
| #define __STDC_WANT_IEC_60559_BFP_EXT__ 1
| #define __STDC_WANT_IEC_60559_DFP_EXT__ 1
| #define __STDC_WANT_IEC_60559_FUNCS_EXT__ 1
| #define __STDC_WANT_IEC_60559_TYPES_EXT__ 1
| #define __STDC_WANT_LIB_EXT2__ 1
| #define __STDC_WANT_MATH_SPEC_FUNCS__ 1
| #define _TANDEM_SOURCE 1
| #define _HPUX_ALT_XOPEN_SOCKET_API 1
| #define ENABLE_NLS 1
| #define HAVE_GETTEXT 1
| #define HAVE_DCGETTEXT 1
| #define HAVE_ALLOCA_H 1
| #define HAVE_ALLOCA 1
| #define HAVE_DECL_GETDELIM 1
| #define HAVE_GETDELIM 1
| #define HAVE_MPROTECT 1
| #define HAVE_STRNDUP 1
| #define HAVE_SNPRINTF 1
| #define HAVE_DECL_GETLINE 1
| #define HAVE_ICONV 1
| #define ICONV_CONST 
| #define HAVE_LIMITS_H 1
| #define HAVE_SYS_MMAN_H 1
| #define HAVE_WCHAR_H 1
| #define HAVE_STDINT_H 1
| #define HAVE_FEATURES_H 1
| /* end confdefs.h.  */
| #include <stdio.h>
| #ifdef HAVE_SYS_TYPES_H
| # include <sys/types.h>
| #endif
| #ifdef HAVE_SYS_STAT_H
| # include <sys/stat.h>
| #endif
| #ifdef STDC_HEADERS
| # include <stdlib.h>
| # include <stddef.h>
| #else
| # ifdef HAVE_STDLIB_H
| #  include <stdlib.h>
| # endif
| #endif
| #ifdef HAVE_STRING_H
| # if !defined STDC_HEADERS && defined HAVE_MEMORY_H
| #  include <memory.h>
| # endif
| # include <string.h>
| #endif
| #ifdef HAVE_STRINGS_H
| # include <strings.h>
| #endif
| #ifdef HAVE_INTTYPES_H
| # include <inttypes.h>
| #endif
| #ifdef HAVE_STDINT_H
| # include <stdint.h>
| #endif
| #ifdef HAVE_UNISTD_H
| # include <unistd.h>
| #endif
| 
| #include <crtdefs.h>
configure:9127: result: no
configure:9220: checking whether limits.h has LLONG_MAX, WORD_BIT, ULLONG_WIDTH etc.
configure:9243: gcc -c   conftest.c >&5
configure:9243: $? = 0
configure:9250: result: yes
configure:9356: checking for mmap
configure:9356: gcc -o conftest    conftest.c  >&5
configure:9356: $? = 0
configure:9356: result: yes
configure:9367: checking for MAP_ANONYMOUS
configure:9404: result: yes
configure:9428: checking whether memchr works
configure:9508: gcc -o conftest    conftest.c  >&5
configure:9508: $? = 0
configure:9508: ./conftest
configure:9508: $? = 0
configure:9519: result: yes
configure:9537: gcc -c   conftest.c >&5
conftest.c:57:10: error: unknown type name 'not'
   57 |          not a universal capable compiler
      |          ^~~
conftest.c:57:16: error: expected '=', ',', ';', 'asm' or '__attribute__' before 'universal'
   57 |          not a universal capable compiler
      |                ^~~~~~~~~
conftest.c:57:16: error: unknown type name 'universal'
configure:9537: $? = 1
configure: failed program was:
| /* confdefs.h */
| #define PACKAGE_NAME "texinfo"
| #define PACKAGE_TARNAME "texinfo"
| #define PACKAGE_VERSION "0"
| #define PACKAGE_STRING "texinfo 0"
| #define PACKAGE_BUGREPORT ""
| #define PACKAGE_URL ""
| #define PACKAGE "texinfo"
| #define VERSION "0"
| #define STDC_HEADERS 1
| #define HAVE_SYS_TYPES_H 1
| #define HAVE_SYS_STAT_H 1
| #define HAVE_STDLIB_H 1
| #define HAVE_STRING_H 1
| #define HAVE_MEMORY_H 1
| #define HAVE_STRINGS_H 1
| #define HAVE_INTTYPES_H 1
| #define HAVE_STDINT_H 1
| #define HAVE_UNISTD_H 1
| #define __EXTENSIONS__ 1
| #define _ALL_SOURCE 1
| #define _DARWIN_C_SOURCE 1
| #define _GNU_SOURCE 1
| #define _NETBSD_SOURCE 1
| #define _OPENBSD_SOURCE 1
| #define _POSIX_PTHREAD_SEMANTICS 1
| #define __STDC_WANT_IEC_60559_ATTRIBS_EXT__ 1
| #define __STDC_WANT_IEC_60559_BFP_EXT__ 1
| #define __STDC_WANT_IEC_60559_DFP_EXT__ 1
| #define __STDC_WANT_IEC_60559_FUNCS_EXT__ 1
| #define __STDC_WANT_IEC_60559_TYPES_EXT__ 1
| #define __STDC_WANT_LIB_EXT2__ 1
| #define __STDC_WANT_MATH_SPEC_FUNCS__ 1
| #define _TANDEM_SOURCE 1
| #define _HPUX_ALT_XOPEN_SOCKET_API 1
| #define ENABLE_NLS 1
| #define HAVE_GETTEXT 1
| #define HAVE_DCGETTEXT 1
| #define HAVE_ALLOCA_H 1
| #define HAVE_ALLOCA 1
| #define HAVE_DECL_GETDELIM 1
| #define HAVE_GETDELIM 1
| #define HAVE_MPROTECT 1
| #define HAVE_STRNDUP 1
| #define HAVE_SNPRINTF 1
| #define HAVE_DECL_GETLINE 1
| #define HAVE_ICONV 1
| #define ICONV_CONST 
| #define HAVE_LIMITS_H 1
| #define HAVE_SYS_MMAN_H 1
| #define HAVE_WCHAR_H 1
| #define HAVE_STDINT_H 1
| #define HAVE_FEATURES_H 1
| #define HAVE_MAP_ANONYMOUS 1
| /* end confdefs.h.  */
| #ifndef __APPLE_CC__
|          not a universal capable compiler
|         #endif
|         typedef int dummy;
| 
configure:9575: checking for wchar_t
configure:9592: gcc -c   conftest.c >&5
configure:9592: $? = 0
configure:9599: result: yes
configure:9608: checking for wint_t
configure:9633: gcc -c   conftest.c >&5
configure:9633: $? = 0
configure:9640: result: yes
configure:9647: checking whether wint_t is too small
configure:9675: gcc -c   conftest.c >&5
configure:9675: $? = 0
configure:9682: result: no
configure:9695: checking for unsigned long long int
configure:9734: gcc -o conftest    conftest.c  >&5
configure:9734: $? = 0
configure:9743: result: yes
configure:9753: checking for long long int
configure:9791: gcc -o conftest    conftest.c  >&5
configure:9791: $? = 0
configure:9791: ./conftest
configure:9791: $? = 0
configure:9803: result: yes
configure:9943: checking whether stdint.h conforms to C99
configure:10123: gcc -c   conftest.c >&5
configure:10123: $? = 0
configure:10210: gcc -o conftest    conftest.c  >&5
configure:10210: $? = 0
configure:10210: ./conftest
configure:10210: $? = 0
configure:10222: result: yes
configure:10233: checking whether stdint.h predates C++11
configure:10269: gcc -c   conftest.c >&5
configure:10269: $? = 0
configure:10274: result: no
configure:10285: checking whether stdint.h has UINTMAX_WIDTH etc.
configure:10321: gcc -c   conftest.c >&5
configure:10321: $? = 0
configure:10326: result: yes
configure:10680: checking for C/C++ restrict keyword
configure:10707: gcc -c   conftest.c >&5
configure:10707: $? = 0
configure:10715: result: __restrict
configure:10807: checking whether strndup is declared
configure:10807: gcc -c   conftest.c >&5
configure:10807: $? = 0
configure:10807: result: yes
configure:10820: checking whether strnlen is declared
configure:10820: gcc -c   conftest.c >&5
configure:10820: $? = 0
configure:10820: result: yes
configure:10833: checking for pid_t
configure:10833: gcc -c   conftest.c >&5
configure:10833: $? = 0
configure:10833: gcc -c   conftest.c >&5
conftest.c: In function 'main':
conftest.c:99:20: error: expected expression before ')' token
   99 | if (sizeof ((pid_t)))
      |                    ^
configure:10833: $? = 1
configure: failed program was:
| /* confdefs.h */
| #define PACKAGE_NAME "texinfo"
| #define PACKAGE_TARNAME "texinfo"
| #define PACKAGE_VERSION "0"
| #define PACKAGE_STRING "texinfo 0"
| #define PACKAGE_BUGREPORT ""
| #define PACKAGE_URL ""
| #define PACKAGE "texinfo"
| #define VERSION "0"
| #define STDC_HEADERS 1
| #define HAVE_SYS_TYPES_H 1
| #define HAVE_SYS_STAT_H 1
| #define HAVE_STDLIB_H 1
| #define HAVE_STRING_H 1
| #define HAVE_MEMORY_H 1
| #define HAVE_STRINGS_H 1
| #define HAVE_INTTYPES_H 1
| #define HAVE_STDINT_H 1
| #define HAVE_UNISTD_H 1
| #define __EXTENSIONS__ 1
| #define _ALL_SOURCE 1
| #define _DARWIN_C_SOURCE 1
| #define _GNU_SOURCE 1
| #define _NETBSD_SOURCE 1
| #define _OPENBSD_SOURCE 1
| #define _POSIX_PTHREAD_SEMANTICS 1
| #define __STDC_WANT_IEC_60559_ATTRIBS_EXT__ 1
| #define __STDC_WANT_IEC_60559_BFP_EXT__ 1
| #define __STDC_WANT_IEC_60559_DFP_EXT__ 1
| #define __STDC_WANT_IEC_60559_FUNCS_EXT__ 1
| #define __STDC_WANT_IEC_60559_TYPES_EXT__ 1
| #define __STDC_WANT_LIB_EXT2__ 1
| #define __STDC_WANT_MATH_SPEC_FUNCS__ 1
| #define _TANDEM_SOURCE 1
| #define _HPUX_ALT_XOPEN_SOCKET_API 1
| #define ENABLE_NLS 1
| #define HAVE_GETTEXT 1
| #define HAVE_DCGETTEXT 1
| #define HAVE_ALLOCA_H 1
| #define HAVE_ALLOCA 1
| #define HAVE_DECL_GETDELIM 1
| #define HAVE_GETDELIM 1
| #define HAVE_MPROTECT 1
| #define HAVE_STRNDUP 1
| #define HAVE_SNPRINTF 1
| #define HAVE_DECL_GETLINE 1
| #define HAVE_ICONV 1
| #define ICONV_CONST 
| #define HAVE_LIMITS_H 1
| #define HAVE_SYS_MMAN_H 1
| #define HAVE_WCHAR_H 1
| #define HAVE_STDINT_H 1
| #define HAVE_FEATURES_H 1
| #define HAVE_MAP_ANONYMOUS 1
| #define HAVE_WCHAR_T 1
| #define HAVE_WINT_T 1
| #define HAVE_UNSIGNED_LONG_LONG_INT 1
| #define HAVE_LONG_LONG_INT 1
| #define restrict __restrict
| #define HAVE_DECL_STRNDUP 1
| #define HAVE_DECL_STRNLEN 1
| /* end confdefs.h.  */
| #include <stdio.h>
| #ifdef HAVE_SYS_TYPES_H
| # include <sys/types.h>
| #endif
| #ifdef HAVE_SYS_STAT_H
| # include <sys/stat.h>
| #endif
| #ifdef STDC_HEADERS
| # include <stdlib.h>
| # include <stddef.h>
| #else
| # ifdef HAVE_STDLIB_H
| #  include <stdlib.h>
| # endif
| #endif
| #ifdef HAVE_STRING_H
| # if !defined STDC_HEADERS && defined HAVE_MEMORY_H
| #  include <memory.h>
| # endif
| # include <string.h>
| #endif
| #ifdef HAVE_STRINGS_H
| # include <strings.h>
| #endif
| #ifdef HAVE_INTTYPES_H
| # include <inttypes.h>
| #endif
| #ifdef HAVE_STDINT_H
| # include <stdint.h>
| #endif
| #ifdef HAVE_UNISTD_H
| # include <unistd.h>
| #endif
| int
| main ()
| {
| if (sizeof ((pid_t)))
| 	    return 0;
|   ;
|   return 0;
| }
configure:10833: result: yes
configure:10844: checking for mode_t
configure:10844: gcc -c   conftest.c >&5
configure:10844: $? = 0
configure:10844: gcc -c   conftest.c >&5
conftest.c: In function 'main':
conftest.c:99:21: error: expected expression before ')' token
   99 | if (sizeof ((mode_t)))
      |                     ^
configure:10844: $? = 1
configure: failed program was:
| /* confdefs.h */
| #define PACKAGE_NAME "texinfo"
| #define PACKAGE_TARNAME "texinfo"
| #define PACKAGE_VERSION "0"
| #define PACKAGE_STRING "texinfo 0"
| #define PACKAGE_BUGREPORT ""
| #define PACKAGE_URL ""
| #define PACKAGE "texinfo"
| #define VERSION "0"
| #define STDC_HEADERS 1
| #define HAVE_SYS_TYPES_H 1
| #define HAVE_SYS_STAT_H 1
| #define HAVE_STDLIB_H 1
| #define HAVE_STRING_H 1
| #define HAVE_MEMORY_H 1
| #define HAVE_STRINGS_H 1
| #define HAVE_INTTYPES_H 1
| #define HAVE_STDINT_H 1
| #define HAVE_UNISTD_H 1
| #define __EXTENSIONS__ 1
| #define _ALL_SOURCE 1
| #define _DARWIN_C_SOURCE 1
| #define _GNU_SOURCE 1
| #define _NETBSD_SOURCE 1
| #define _OPENBSD_SOURCE 1
| #define _POSIX_PTHREAD_SEMANTICS 1
| #define __STDC_WANT_IEC_60559_ATTRIBS_EXT__ 1
| #define __STDC_WANT_IEC_60559_BFP_EXT__ 1
| #define __STDC_WANT_IEC_60559_DFP_EXT__ 1
| #define __STDC_WANT_IEC_60559_FUNCS_EXT__ 1
| #define __STDC_WANT_IEC_60559_TYPES_EXT__ 1
| #define __STDC_WANT_LIB_EXT2__ 1
| #define __STDC_WANT_MATH_SPEC_FUNCS__ 1
| #define _TANDEM_SOURCE 1
| #define _HPUX_ALT_XOPEN_SOCKET_API 1
| #define ENABLE_NLS 1
| #define HAVE_GETTEXT 1
| #define HAVE_DCGETTEXT 1
| #define HAVE_ALLOCA_H 1
| #define HAVE_ALLOCA 1
| #define HAVE_DECL_GETDELIM 1
| #define HAVE_GETDELIM 1
| #define HAVE_MPROTECT 1
| #define HAVE_STRNDUP 1
| #define HAVE_SNPRINTF 1
| #define HAVE_DECL_GETLINE 1
| #define HAVE_ICONV 1
| #define ICONV_CONST 
| #define HAVE_LIMITS_H 1
| #define HAVE_SYS_MMAN_H 1
| #define HAVE_WCHAR_H 1
| #define HAVE_STDINT_H 1
| #define HAVE_FEATURES_H 1
| #define HAVE_MAP_ANONYMOUS 1
| #define HAVE_WCHAR_T 1
| #define HAVE_WINT_T 1
| #define HAVE_UNSIGNED_LONG_LONG_INT 1
| #define HAVE_LONG_LONG_INT 1
| #define restrict __restrict
| #define HAVE_DECL_STRNDUP 1
| #define HAVE_DECL_STRNLEN 1
| /* end confdefs.h.  */
| #include <stdio.h>
| #ifdef HAVE_SYS_TYPES_H
| # include <sys/types.h>
| #endif
| #ifdef HAVE_SYS_STAT_H
| # include <sys/stat.h>
| #endif
| #ifdef STDC_HEADERS
| # include <stdlib.h>
| # include <stddef.h>
| #else
| # ifdef HAVE_STDLIB_H
| #  include <stdlib.h>
| # endif
| #endif
| #ifdef HAVE_STRING_H
| # if !defined STDC_HEADERS && defined HAVE_MEMORY_H
| #  include <memory.h>
| # endif
| # include <string.h>
| #endif
| #ifdef HAVE_STRINGS_H
| # include <strings.h>
| #endif
| #ifdef HAVE_INTTYPES_H
| # include <inttypes.h>
| #endif
| #ifdef HAVE_STDINT_H
| # include <stdint.h>
| #endif
| #ifdef HAVE_UNISTD_H
| # include <unistd.h>
| #endif
| int
| main ()
| {
| if (sizeof ((mode_t)))
| 	    return 0;
|   ;
|   return 0;
| }
configure:10844: result: yes
configure:10964: checking for inttypes.h
configure:10983: gcc -c   conftest.c >&5
configure:10983: $? = 0
configure:10990: result: yes
configure:11001: checking for stdint.h
configure:11018: gcc -c   conftest.c >&5
configure:11018: $? = 0
configure:11025: result: yes
configure:11038: checking for intmax_t
configure:11063: gcc -c   conftest.c >&5
configure:11063: $? = 0
configure:11070: result: yes
configure:11089: checking where to find the exponent in a 'double'
configure:11403: gcc -o conftest    conftest.c  >&5
configure:11403: $? = 0
configure:11403: ./conftest
configure:11403: $? = 0
configure:11415: result: word 1 bit 20
configure:11442: checking whether snprintf returns a byte count as in C99
configure:11533: gcc -o conftest    conftest.c  >&5
configure:11533: $? = 0
configure:11533: ./conftest
configure:11533: $? = 0
configure:11544: result: yes
configure:11555: checking for snprintf
configure:11555: result: yes
configure:11555: checking for strnlen
configure:11555: gcc -o conftest    conftest.c  >&5
conftest.c:93:6: warning: conflicting types for built-in function 'strnlen'; expected 'long unsigned int(const char *, long unsigned int)' [-Wbuiltin-declaration-mismatch]
   93 | char strnlen ();
      |      ^~~~~~~
configure:11555: $? = 0
configure:11555: result: yes
configure:11555: checking for wcslen
configure:11555: gcc -o conftest    conftest.c  >&5
configure:11555: $? = 0
configure:11555: result: yes
configure:11555: checking for wcsnlen
configure:11555: gcc -o conftest    conftest.c  >&5
configure:11555: $? = 0
configure:11555: result: yes
configure:11555: checking for mbrtowc
configure:11555: gcc -o conftest    conftest.c  >&5
configure:11555: $? = 0
configure:11555: result: yes
configure:11555: checking for wcrtomb
configure:11555: gcc -o conftest    conftest.c  >&5
configure:11555: $? = 0
configure:11555: result: yes
configure:11564: checking whether _snprintf is declared
configure:11564: gcc -c   conftest.c >&5
conftest.c: In function 'main':
conftest.c:84:10: error: '_snprintf' undeclared (first use in this function); did you mean 'vsnprintf'?
   84 |   (void) _snprintf;
      |          ^~~~~~~~~
      |          vsnprintf
conftest.c:84:10: note: each undeclared identifier is reported only once for each function it appears in
configure:11564: $? = 1
configure: failed program was:
| /* confdefs.h */
| #define PACKAGE_NAME "texinfo"
| #define PACKAGE_TARNAME "texinfo"
| #define PACKAGE_VERSION "0"
| #define PACKAGE_STRING "texinfo 0"
| #define PACKAGE_BUGREPORT ""
| #define PACKAGE_URL ""
| #define PACKAGE "texinfo"
| #define VERSION "0"
| #define STDC_HEADERS 1
| #define HAVE_SYS_TYPES_H 1
| #define HAVE_SYS_STAT_H 1
| #define HAVE_STDLIB_H 1
| #define HAVE_STRING_H 1
| #define HAVE_MEMORY_H 1
| #define HAVE_STRINGS_H 1
| #define HAVE_INTTYPES_H 1
| #define HAVE_STDINT_H 1
| #define HAVE_UNISTD_H 1
| #define __EXTENSIONS__ 1
| #define _ALL_SOURCE 1
| #define _DARWIN_C_SOURCE 1
| #define _GNU_SOURCE 1
| #define _NETBSD_SOURCE 1
| #define _OPENBSD_SOURCE 1
| #define _POSIX_PTHREAD_SEMANTICS 1
| #define __STDC_WANT_IEC_60559_ATTRIBS_EXT__ 1
| #define __STDC_WANT_IEC_60559_BFP_EXT__ 1
| #define __STDC_WANT_IEC_60559_DFP_EXT__ 1
| #define __STDC_WANT_IEC_60559_FUNCS_EXT__ 1
| #define __STDC_WANT_IEC_60559_TYPES_EXT__ 1
| #define __STDC_WANT_LIB_EXT2__ 1
| #define __STDC_WANT_MATH_SPEC_FUNCS__ 1
| #define _TANDEM_SOURCE 1
| #define _HPUX_ALT_XOPEN_SOCKET_API 1
| #define ENABLE_NLS 1
| #define HAVE_GETTEXT 1
| #define HAVE_DCGETTEXT 1
| #define HAVE_ALLOCA_H 1
| #define HAVE_ALLOCA 1
| #define HAVE_DECL_GETDELIM 1
| #define HAVE_GETDELIM 1
| #define HAVE_MPROTECT 1
| #define HAVE_STRNDUP 1
| #define HAVE_SNPRINTF 1
| #define HAVE_DECL_GETLINE 1
| #define HAVE_ICONV 1
| #define ICONV_CONST 
| #define HAVE_LIMITS_H 1
| #define HAVE_SYS_MMAN_H 1
| #define HAVE_WCHAR_H 1
| #define HAVE_STDINT_H 1
| #define HAVE_FEATURES_H 1
| #define HAVE_MAP_ANONYMOUS 1
| #define HAVE_WCHAR_T 1
| #define HAVE_WINT_T 1
| #define HAVE_UNSIGNED_LONG_LONG_INT 1
| #define HAVE_LONG_LONG_INT 1
| #define restrict __restrict
| #define HAVE_DECL_STRNDUP 1
| #define HAVE_DECL_STRNLEN 1
| #define _USE_STD_STAT 1
| #define HAVE_INTTYPES_H_WITH_UINTMAX 1
| #define HAVE_STDINT_H_WITH_UINTMAX 1
| #define HAVE_INTMAX_T 1
| #define DBL_EXPBIT0_WORD 1
| #define DBL_EXPBIT0_BIT 20
| #define HAVE_SNPRINTF 1
| #define HAVE_STRNLEN 1
| #define HAVE_WCSLEN 1
| #define HAVE_WCSNLEN 1
| #define HAVE_MBRTOWC 1
| #define HAVE_WCRTOMB 1
| /* end confdefs.h.  */
| #include <stdio.h>
| 
| int
| main ()
| {
| #ifndef _snprintf
| #ifdef __cplusplus
|   (void) _snprintf;
| #else
|   (void) _snprintf;
| #endif
| #endif
| 
|   ;
|   return 0;
| }
configure:11564: result: no
configure:11686: checking whether <wchar.h> uses 'inline' correctly
configure:11711: gcc -c   conftest1.c >&5
configure:11714: $? = 0
configure:11733: gcc -c   conftest2.c >&5
configure:11736: $? = 0
configure:11749: result: yes
configure:11803: checking for alloca as a compiler built-in
configure:11827: result: yes
configure:11911: checking whether conversion from 'int' to 'long double' works
configure:11955: gcc -o conftest    conftest.c  >&5
configure:11955: $? = 0
configure:11955: ./conftest
configure:11955: $? = 0
configure:11966: result: yes
configure:12093: checking for working getdelim function
configure:12159: gcc -o conftest    conftest.c  >&5
configure:12159: $? = 0
configure:12159: ./conftest
configure:12159: $? = 0
configure:12170: result: yes
configure:12244: checking for getline
configure:12244: gcc -o conftest    conftest.c  >&5
configure:12244: $? = 0
configure:12244: result: yes
configure:12252: checking for working getline function
configure:12319: gcc -o conftest    conftest.c  >&5
configure:12319: $? = 0
configure:12319: ./conftest
configure:12319: $? = 0
configure:12330: result: yes
configure:12427: checking for rawmemchr
configure:12427: gcc -o conftest    conftest.c  >&5
configure:12427: $? = 0
configure:12427: result: yes
configure:12471: checking for stdint.h
configure:12471: result: yes
configure:12481: checking for SIZE_MAX
configure:12552: result: yes
configure:12564: checking for ssize_t
configure:12581: gcc -c   conftest.c >&5
configure:12581: $? = 0
configure:12588: result: yes
configure:12601: checking for good max_align_t
configure:12623: gcc -c   conftest.c >&5
configure:12623: $? = 0
configure:12631: result: yes
configure:12643: checking whether NULL can be used in arbitrary expressions
configure:12661: gcc -c   conftest.c >&5
configure:12661: $? = 0
configure:12668: result: yes
configure:12836: checking which flavor of printf attribute matches inttypes macros
configure:12863: gcc -c   conftest.c >&5
configure:12863: $? = 0
configure:12870: result: system
configure:12924: checking for strchrnul
configure:12924: gcc -o conftest    conftest.c  >&5
configure:12924: $? = 0
configure:12924: result: yes
configure:12936: checking whether strchrnul works
configure:12980: gcc -o conftest    conftest.c  >&5
configure:12980: $? = 0
configure:12980: ./conftest
configure:12980: $? = 0
configure:12991: result: yes
configure:13043: checking for working strndup
configure:13084: gcc -o conftest    conftest.c  >&5
configure:13084: $? = 0
configure:13084: ./conftest
configure:13084: $? = 0
configure:13094: result: yes
configure:13140: checking for working strnlen
configure:13178: gcc -o conftest    conftest.c  >&5
configure:13178: $? = 0
configure:13178: ./conftest
configure:13178: $? = 0
configure:13188: result: yes
configure:13289: checking for ptrdiff_t
configure:13289: gcc -c   conftest.c >&5
configure:13289: $? = 0
configure:13289: gcc -c   conftest.c >&5
conftest.c: In function 'main':
conftest.c:127:24: error: expected expression before ')' token
  127 | if (sizeof ((ptrdiff_t)))
      |                        ^
configure:13289: $? = 1
configure: failed program was:
| /* confdefs.h */
| #define PACKAGE_NAME "texinfo"
| #define PACKAGE_TARNAME "texinfo"
| #define PACKAGE_VERSION "0"
| #define PACKAGE_STRING "texinfo 0"
| #define PACKAGE_BUGREPORT ""
| #define PACKAGE_URL ""
| #define PACKAGE "texinfo"
| #define VERSION "0"
| #define STDC_HEADERS 1
| #define HAVE_SYS_TYPES_H 1
| #define HAVE_SYS_STAT_H 1
| #define HAVE_STDLIB_H 1
| #define HAVE_STRING_H 1
| #define HAVE_MEMORY_H 1
| #define HAVE_STRINGS_H 1
| #define HAVE_INTTYPES_H 1
| #define HAVE_STDINT_H 1
| #define HAVE_UNISTD_H 1
| #define __EXTENSIONS__ 1
| #define _ALL_SOURCE 1
| #define _DARWIN_C_SOURCE 1
| #define _GNU_SOURCE 1
| #define _NETBSD_SOURCE 1
| #define _OPENBSD_SOURCE 1
| #define _POSIX_PTHREAD_SEMANTICS 1
| #define __STDC_WANT_IEC_60559_ATTRIBS_EXT__ 1
| #define __STDC_WANT_IEC_60559_BFP_EXT__ 1
| #define __STDC_WANT_IEC_60559_DFP_EXT__ 1
| #define __STDC_WANT_IEC_60559_FUNCS_EXT__ 1
| #define __STDC_WANT_IEC_60559_TYPES_EXT__ 1
| #define __STDC_WANT_LIB_EXT2__ 1
| #define __STDC_WANT_MATH_SPEC_FUNCS__ 1
| #define _TANDEM_SOURCE 1
| #define _HPUX_ALT_XOPEN_SOCKET_API 1
| #define ENABLE_NLS 1
| #define HAVE_GETTEXT 1
| #define HAVE_DCGETTEXT 1
| #define HAVE_ALLOCA_H 1
| #define HAVE_ALLOCA 1
| #define HAVE_DECL_GETDELIM 1
| #define HAVE_GETDELIM 1
| #define HAVE_MPROTECT 1
| #define HAVE_STRNDUP 1
| #define HAVE_SNPRINTF 1
| #define HAVE_DECL_GETLINE 1
| #define HAVE_ICONV 1
| #define ICONV_CONST 
| #define HAVE_LIMITS_H 1
| #define HAVE_SYS_MMAN_H 1
| #define HAVE_WCHAR_H 1
| #define HAVE_STDINT_H 1
| #define HAVE_FEATURES_H 1
| #define HAVE_MAP_ANONYMOUS 1
| #define HAVE_WCHAR_T 1
| #define HAVE_WINT_T 1
| #define HAVE_UNSIGNED_LONG_LONG_INT 1
| #define HAVE_LONG_LONG_INT 1
| #define restrict __restrict
| #define HAVE_DECL_STRNDUP 1
| #define HAVE_DECL_STRNLEN 1
| #define _USE_STD_STAT 1
| #define HAVE_INTTYPES_H_WITH_UINTMAX 1
| #define HAVE_STDINT_H_WITH_UINTMAX 1
| #define HAVE_INTMAX_T 1
| #define DBL_EXPBIT0_WORD 1
| #define DBL_EXPBIT0_BIT 20
| #define HAVE_SNPRINTF 1
| #define HAVE_STRNLEN 1
| #define HAVE_WCSLEN 1
| #define HAVE_WCSNLEN 1
| #define HAVE_MBRTOWC 1
| #define HAVE_WCRTOMB 1
| #define HAVE_DECL__SNPRINTF 0
| #define HAVE_SNPRINTF_RETVAL_C99 1
| #define HAVE_ALLOCA 1
| #define GNULIB_TEST_GETDELIM 1
| #define GNULIB_TEST_GETLINE 1
| #define GNULIB_TEST_MEMCHR 1
| #define HAVE_RAWMEMCHR 1
| #define GNULIB_TEST_RAWMEMCHR 1
| #define HAVE_STDINT_H 1
| #define __USE_MINGW_ANSI_STDIO 1
| #define GNULIB_FSCANF 1
| #define GNULIB_SCANF 1
| #define HAVE_STRCHRNUL 1
| #define GNULIB_TEST_STRCHRNUL 1
| #define GNULIB_TEST_STRNDUP 1
| #define GNULIB_TEST_STRNLEN 1
| /* end confdefs.h.  */
| #include <stdio.h>
| #ifdef HAVE_SYS_TYPES_H
| # include <sys/types.h>
| #endif
| #ifdef HAVE_SYS_STAT_H
| # include <sys/stat.h>
| #endif
| #ifdef STDC_HEADERS
| # include <stdlib.h>
| # include <stddef.h>
| #else
| # ifdef HAVE_STDLIB_H
| #  include <stdlib.h>
| # endif
| #endif
| #ifdef HAVE_STRING_H
| # if !defined STDC_HEADERS && defined HAVE_MEMORY_H
| #  include <memory.h>
| # endif
| # include <string.h>
| #endif
| #ifdef HAVE_STRINGS_H
| # include <strings.h>
| #endif
| #ifdef HAVE_INTTYPES_H
| # include <inttypes.h>
| #endif
| #ifdef HAVE_STDINT_H
| # include <stdint.h>
| #endif
| #ifdef HAVE_UNISTD_H
| # include <unistd.h>
| #endif
| int
| main ()
| {
| if (sizeof ((ptrdiff_t)))
| 	    return 0;
|   ;
|   return 0;
| }
configure:13289: result: yes
configure:13310: checking for vasprintf
configure:13310: gcc -o conftest    conftest.c  >&5
configure:13310: $? = 0
configure:13310: result: yes
configure:13488: checking for stdint.h
configure:13488: result: yes
configure:13581: checking how to print strings
configure:13608: result: printf
configure:13629: checking for a sed that does not truncate output
configure:13693: result: /usr/bin/sed
configure:13711: checking for fgrep
configure:13773: result: /usr/bin/grep -F
configure:13808: checking for ld used by gcc
configure:13875: result: /usr/bin/ld
configure:13882: checking if the linker (/usr/bin/ld) is GNU ld
configure:13897: result: yes
configure:13909: checking for BSD- or MS-compatible name lister (nm)
configure:13963: result: /usr/bin/nm -B
configure:14093: checking the name lister (/usr/bin/nm -B) interface
configure:14100: gcc -c   conftest.c >&5
configure:14103: /usr/bin/nm -B "conftest.o"
configure:14106: output
0000000000000000 B some_variable
configure:14107: result: BSD nm
configure:14110: checking whether ln -s works
configure:14114: result: yes
configure:14122: checking the maximum length of command line arguments
configure:14253: result: 1572864
configure:14301: checking how to convert x86_64-pc-linux-gnu file names to x86_64-pc-linux-gnu format
configure:14341: result: func_convert_file_noop
configure:14348: checking how to convert x86_64-pc-linux-gnu file names to toolchain format
configure:14368: result: func_convert_file_noop
configure:14375: checking for /usr/bin/ld option to reload object files
configure:14382: result: -r
configure:14416: checking for x86_64-pc-linux-gnu-objdump
configure:14446: result: no
configure:14456: checking for objdump
configure:14472: found /usr/bin/objdump
configure:14483: result: objdump
configure:14515: checking how to recognize dependent libraries
configure:14715: result: pass_all
configure:14760: checking for x86_64-pc-linux-gnu-dlltool
configure:14790: result: no
configure:14800: checking for dlltool
configure:14830: result: no
configure:14860: checking how to associate runtime and link libraries
configure:14887: result: printf %s\n
configure:14903: checking for x86_64-pc-linux-gnu-ar
configure:14930: result: ar
configure:15011: checking for archiver @FILE support
configure:15028: gcc -c   conftest.c >&5
configure:15028: $? = 0
configure:15031: ar cru libconftest.a @conftest.lst >&5
configure:15034: $? = 0
configure:15039: ar cru libconftest.a @conftest.lst >&5
ar: conftest.o: No such file or directory
configure:15042: $? = 1
configure:15041: result: @
configure:15059: checking for x86_64-pc-linux-gnu-strip
configure:15089: result: no
configure:15099: checking for strip
configure:15115: found /usr/bin/strip
configure:15126: result: strip
configure:15158: checking for x86_64-pc-linux-gnu-ranlib
configure:15185: result: ranlib
configure:15327: checking command to parse /usr/bin/nm -B output from gcc object
configure:15480: gcc -c   conftest.c >&5
configure:15483: $? = 0
configure:15487: /usr/bin/nm -B conftest.o \| sed -n -e 's/^.*[ ]\([ABCDGIRSTW][ABCDGIRSTW]*\)[ ][ ]*\([_A-Za-z][_A-Za-z0-9]*\)$/\1 \2 \2/p' | sed '/ __gnu_lto/d' \> conftest.nm
configure:15490: $? = 0
configure:15556: gcc -o conftest    conftest.c conftstm.o >&5
configure:15559: $? = 0
configure:15597: result: ok
configure:15644: checking for sysroot
configure:15674: result: /
configure:15681: checking for a working dd
configure:15719: result: /usr/bin/dd
configure:15723: checking how to truncate binary pipes
configure:15738: result: /usr/bin/dd bs=4096 count=1
configure:15874: gcc -c   conftest.c >&5
configure:15877: $? = 0
configure:16027: checking for x86_64-pc-linux-gnu-mt
configure:16057: result: no
configure:16067: checking for mt
configure:16097: result: no
configure:16117: checking if : is a manifest tool
configure:16123: : '-?'
configure:16131: result: no
configure:16805: checking for dlfcn.h
configure:16805: gcc -c   conftest.c >&5
configure:16805: $? = 0
configure:16805: result: yes
configure:17060: checking for objdir
configure:17075: result: .libs
configure:17339: checking if gcc supports -fno-rtti -fno-exceptions
configure:17357: gcc -c   -fno-rtti -fno-exceptions conftest.c >&5
cc1: warning: command line option '-fno-rtti' is valid for C++/D/ObjC++ but not for C
configure:17361: $? = 0
configure:17374: result: no
configure:17732: checking for gcc option to produce PIC
configure:17739: result: -fPIC -DPIC
configure:17747: checking if gcc PIC flag -fPIC -DPIC works
configure:17765: gcc -c   -fPIC -DPIC -DPIC conftest.c >&5
configure:17769: $? = 0
configure:17782: result: yes
configure:17811: checking if gcc static flag -static works
configure:17839: result: no
configure:17854: checking if gcc supports -c -o file.o
configure:17875: gcc -c   -o out/conftest2.o conftest.c >&5
configure:17879: $? = 0
configure:17901: result: yes
configure:17909: checking if gcc supports -c -o file.o
configure:17956: result: yes
configure:17989: checking whether the gcc linker (/usr/bin/ld -m elf_x86_64) supports shared libraries
configure:19252: result: yes
configure:19289: checking whether -lc should be explicitly linked in
configure:19297: gcc -c   conftest.c >&5
configure:19300: $? = 0
configure:19315: gcc -shared  -fPIC -DPIC conftest.o  -v -Wl,-soname -Wl,conftest -o conftest 2\>\&1 \| /usr/bin/grep  -lc  \>/dev/null 2\>\&1
configure:19318: $? = 0
configure:19332: result: no
configure:19492: checking dynamic linker characteristics
configure:20073: gcc -o conftest    -Wl,-rpath -Wl,/foo conftest.c  >&5
configure:20073: $? = 0
configure:20322: result: GNU/Linux ld.so
configure:20444: checking how to hardcode library paths into programs
configure:20469: result: immediate
configure:21017: checking whether stripping libraries is possible
configure:21022: result: yes
configure:21057: checking if libtool supports shared libraries
configure:21059: result: yes
configure:21062: checking whether to build shared libraries
configure:21087: result: yes
configure:21090: checking whether to build static libraries
configure:21094: result: no
configure:17943: checking Perl configuration value ccflags
configure:17946: result: -D_REENTRANT -D_GNU_SOURCE -O2 -g -pipe -Wall -Werror=format-security -Wp,-D_FORTIFY_SOURCE=2 -Wp,-D_GLIBCXX_ASSERTIONS -fexceptions -fstack-protector-strong -grecord-gcc-switches -specs=/usr/lib/rpm/redhat/redhat-hardened-cc1 -specs=/usr/lib/rpm/redhat/redhat-annobin-cc1 -m64 -mtune=generic -fasynchronous-unwind-tables -fstack-clash-protection -fcf-protection -fwrapv -fno-strict-aliasing -I/usr/local/include -D_LARGEFILE_SOURCE -D_FILE_OFFSET_BITS=64
configure:17950: checking Perl configuration value cccdlflags
configure:17953: result: -fPIC
configure:17957: checking Perl configuration value optimize
configure:17960: result:  -g
configure:17968: checking Perl configuration value ccdlflags
configure:17971: result: -Wl,--enable-new-dtags -Wl,-z,relro -Wl,--as-needed -Wl,-z,now -specs=/usr/lib/rpm/redhat/redhat-hardened-ld
configure:17977: checking Perl configuration value libperl
configure:17980: result: libperl.so
configure:17993: checking Perl configuration value archlibexp
configure:17996: result: /usr/lib64/perl5
configure:18000: checking Perl configuration value privlibexp
configure:18003: result: /usr/share/perl5
configure:18117: checking that generated files are newer than configure
configure:18123: result: done
configure:18219: creating ./config.status

## ---------------------- ##
## Running config.status. ##
## ---------------------- ##

This file was extended by texinfo config.status 0, which was
generated by GNU Autoconf 2.69.  Invocation command line was

  CONFIG_FILES    = 
  CONFIG_HEADERS  = 
  CONFIG_LINKS    = 
  CONFIG_COMMANDS = 
  $ ./config.status 

on f31v1.localdomain

config.status:1557: creating Makefile
config.status:1557: creating gnulib/lib/Makefile
config.status:1557: creating config.h
config.status:1771: executing depfiles commands
config.status:1848: cd .       && sed -e '/# am--include-marker/d' Makefile         | make -f - am--depfiles
config.status:1853: $? = 0
config.status:1848: cd gnulib/lib       && sed -e '/# am--include-marker/d' Makefile         | make -f - am--depfiles
config.status:1853: $? = 0
config.status:1771: executing po-directories commands
config.status:1771: executing libtool commands

## ---------------- ##
## Cache variables. ##
## ---------------- ##

ac_cv_build=x86_64-pc-linux-gnu
ac_cv_c_compiler_gnu=yes
ac_cv_c_restrict=__restrict
ac_cv_env_CC_set=
ac_cv_env_CC_value=
ac_cv_env_CFLAGS_set=set
ac_cv_env_CFLAGS_value='-std=gnu90  -march=x86-64 -msse4.2 -mpopcnt -m64 -mtune=intel  -O2'
ac_cv_env_CPPFLAGS_set=set
ac_cv_env_CPPFLAGS_value=' -march=x86-64 -msse4.2 -mpopcnt -m64 -mtune=intel  -O2'
ac_cv_env_CPP_set=
ac_cv_env_CPP_value=
ac_cv_env_LDFLAGS_set=
ac_cv_env_LDFLAGS_value=
ac_cv_env_LIBS_set=
ac_cv_env_LIBS_value=
ac_cv_env_LT_SYS_LIBRARY_PATH_set=
ac_cv_env_LT_SYS_LIBRARY_PATH_value=
ac_cv_env_PERL_EXT_CC_set=
ac_cv_env_PERL_EXT_CC_value=
ac_cv_env_PERL_EXT_CFLAGS_set=
ac_cv_env_PERL_EXT_CFLAGS_value=
ac_cv_env_PERL_EXT_CPPFLAGS_set=
ac_cv_env_PERL_EXT_CPPFLAGS_value=
ac_cv_env_PERL_EXT_LDFLAGS_set=
ac_cv_env_PERL_EXT_LDFLAGS_value=
ac_cv_env_build_alias_set=set
ac_cv_env_build_alias_value=x86_64-pc-linux-gnu
ac_cv_env_host_alias_set=set
ac_cv_env_host_alias_value=x86_64-pc-linux-gnu
ac_cv_env_target_alias_set=set
ac_cv_env_target_alias_value=x86_64-pc-linux-gnu
ac_cv_func_alloca_works=yes
ac_cv_func_getdelim=yes
ac_cv_func_getline=yes
ac_cv_func_mbrtowc=yes
ac_cv_func_mmap=yes
ac_cv_func_mprotect=yes
ac_cv_func_rawmemchr=yes
ac_cv_func_snprintf=yes
ac_cv_func_strchrnul=yes
ac_cv_func_strndup=yes
ac_cv_func_strnlen=yes
ac_cv_func_strnlen_working=yes
ac_cv_func_vasnprintf=no
ac_cv_func_vasprintf=yes
ac_cv_func_wcrtomb=yes
ac_cv_func_wcslen=yes
ac_cv_func_wcsnlen=yes
ac_cv_have_decl__snprintf=no
ac_cv_have_decl_getdelim=yes
ac_cv_have_decl_getline=yes
ac_cv_have_decl_strndup=yes
ac_cv_have_decl_strnlen=yes
ac_cv_header_crtdefs_h=no
ac_cv_header_dlfcn_h=yes
ac_cv_header_features_h=yes
ac_cv_header_inttypes_h=yes
ac_cv_header_limits_h=yes
ac_cv_header_memory_h=yes
ac_cv_header_minix_config_h=no
ac_cv_header_stdc=yes
ac_cv_header_stdint_h=yes
ac_cv_header_stdlib_h=yes
ac_cv_header_string_h=yes
ac_cv_header_strings_h=yes
ac_cv_header_sys_mman_h=yes
ac_cv_header_sys_stat_h=yes
ac_cv_header_sys_types_h=yes
ac_cv_header_unistd_h=yes
ac_cv_header_wchar_h=yes
ac_cv_host=x86_64-pc-linux-gnu
ac_cv_objext=o
ac_cv_path_EGREP='/usr/bin/grep -E'
ac_cv_path_FGREP='/usr/bin/grep -F'
ac_cv_path_GMSGFMT=/usr/bin/msgfmt
ac_cv_path_GREP=/usr/bin/grep
ac_cv_path_MSGFMT=/usr/bin/msgfmt
ac_cv_path_MSGMERGE=/usr/bin/msgmerge
ac_cv_path_PERL=/usr/bin/perl
ac_cv_path_SED=/usr/bin/sed
ac_cv_path_XGETTEXT=/usr/bin/xgettext
ac_cv_path_install='/usr/bin/install -c'
ac_cv_path_lt_DD=/usr/bin/dd
ac_cv_path_mkdir=/usr/bin/mkdir
ac_cv_prog_AR=ar
ac_cv_prog_AWK=gawk
ac_cv_prog_CC=gcc
ac_cv_prog_CPP='gcc -E'
ac_cv_prog_RANLIB=ranlib
ac_cv_prog_ac_ct_AR=ar
ac_cv_prog_ac_ct_OBJDUMP=objdump
ac_cv_prog_ac_ct_RANLIB=ranlib
ac_cv_prog_ac_ct_STRIP=strip
ac_cv_prog_cc_c89=
ac_cv_prog_cc_g=yes
ac_cv_prog_make_make_set=yes
ac_cv_safe_to_define___extensions__=yes
ac_cv_should_define__xopen_source=no
ac_cv_type_long_long_int=yes
ac_cv_type_mode_t=yes
ac_cv_type_pid_t=yes
ac_cv_type_ptrdiff_t=yes
ac_cv_type_size_t=yes
ac_cv_type_unsigned_long_long_int=yes
ac_cv_working_alloca_h=yes
acl_cv_hardcode_direct=no
acl_cv_hardcode_libdir_flag_spec='${wl}-rpath ${wl}$libdir'
acl_cv_hardcode_libdir_separator=
acl_cv_hardcode_minus_L=no
acl_cv_libdirstems=lib64,lib64
acl_cv_libext=a
acl_cv_libname_spec='lib$name'
acl_cv_library_names_spec='$libname$shrext'
acl_cv_path_LD=/usr/bin/ld
acl_cv_prog_gnu_ld=yes
acl_cv_rpath=done
acl_cv_shlibext=so
acl_cv_wl=-Wl,
am_cv_CC_dependencies_compiler_type=gcc3
am_cv_func_iconv=yes
am_cv_func_iconv_works=yes
am_cv_func_working_getline=yes
am_cv_lib_iconv=no
am_cv_make_support_nested_variables=yes
am_cv_prog_cc_c_o=yes
am_cv_proto_iconv='extern size_t iconv (iconv_t cd, char * *inbuf, size_t *inbytesleft, char * *outbuf, size_t *outbytesleft);'
am_cv_proto_iconv_arg1=
gl_cv_c_amsterdam_compiler=no
gl_cv_c_multiarch=no
gl_cv_cc_double_expbit0='word 1 bit 20'
gl_cv_decl_null_works=yes
gl_cv_func_itold_works=yes
gl_cv_func_memchr_works=yes
gl_cv_func_printf_attribute_flavor=system
gl_cv_func_snprintf_retval_c99=yes
gl_cv_func_strchrnul_works=yes
gl_cv_func_strndup_works=yes
gl_cv_func_working_getdelim=yes
gl_cv_have_include_next=yes
gl_cv_header_errno_h_complete=yes
gl_cv_header_inttypes_h=yes
gl_cv_header_limits_width=yes
gl_cv_header_stdint_h=yes
gl_cv_header_stdint_predates_cxx11_h=no
gl_cv_header_stdint_width=yes
gl_cv_header_wchar_h_correct_inline=yes
gl_cv_header_working_stdint_h=yes
gl_cv_host_cpu_c_abi_32bit=no
gl_cv_next_limits_h='<limits.h>'
gl_cv_next_stdint_h='<stdint.h>'
gl_cv_next_stdio_h='<stdio.h>'
gl_cv_next_string_h='<string.h>'
gl_cv_next_sys_types_h='<sys/types.h>'
gl_cv_next_wchar_h='<wchar.h>'
gl_cv_pragma_columns=no
gl_cv_rpl_alloca=yes
gl_cv_size_max=yes
gl_cv_type_max_align_t=yes
gl_cv_type_wint_t_too_small=no
gt_cv_c_intmax_t=yes
gt_cv_c_wchar_t=yes
gt_cv_c_wint_t=yes
gt_cv_func_gnugettext1_libc=yes
gt_cv_ssize_t=yes
lt_cv_ar_at_file=@
lt_cv_archive_cmds_need_lc=no
lt_cv_deplibs_check_method=pass_all
lt_cv_file_magic_cmd='$MAGIC_CMD'
lt_cv_file_magic_test_file=
lt_cv_ld_reload_flag=-r
lt_cv_nm_interface='BSD nm'
lt_cv_objdir=.libs
lt_cv_path_LD=/usr/bin/ld
lt_cv_path_NM='/usr/bin/nm -B'
lt_cv_path_mainfest_tool=no
lt_cv_prog_compiler_c_o=yes
lt_cv_prog_compiler_pic='-fPIC -DPIC'
lt_cv_prog_compiler_pic_works=yes
lt_cv_prog_compiler_rtti_exceptions=no
lt_cv_prog_compiler_static_works=no
lt_cv_prog_gnu_ld=yes
lt_cv_sharedlib_from_linklib_cmd='printf %s\n'
lt_cv_shlibpath_overrides_runpath=no
lt_cv_sys_global_symbol_pipe='sed -n -e '\''s/^.*[	 ]\([ABCDGIRSTW][ABCDGIRSTW]*\)[	 ][	 ]*\([_A-Za-z][_A-Za-z0-9]*\)$/\1 \2 \2/p'\'' | sed '\''/ __gnu_lto/d'\'''
lt_cv_sys_global_symbol_to_c_name_address='sed -n -e '\''s/^: \(.*\) .*$/  {"\1", (void *) 0},/p'\'' -e '\''s/^[ABCDGIRSTW][ABCDGIRSTW]* .* \(.*\)$/  {"\1", (void *) \&\1},/p'\'''
lt_cv_sys_global_symbol_to_c_name_address_lib_prefix='sed -n -e '\''s/^: \(.*\) .*$/  {"\1", (void *) 0},/p'\'' -e '\''s/^[ABCDGIRSTW][ABCDGIRSTW]* .* \(lib.*\)$/  {"\1", (void *) \&\1},/p'\'' -e '\''s/^[ABCDGIRSTW][ABCDGIRSTW]* .* \(.*\)$/  {"lib\1", (void *) \&\1},/p'\'''
lt_cv_sys_global_symbol_to_cdecl='sed -n -e '\''s/^T .* \(.*\)$/extern int \1();/p'\'' -e '\''s/^[ABCDGIRSTW][ABCDGIRSTW]* .* \(.*\)$/extern char \1;/p'\'''
lt_cv_sys_global_symbol_to_import=
lt_cv_sys_max_cmd_len=1572864
lt_cv_to_host_file_cmd=func_convert_file_noop
lt_cv_to_tool_file_cmd=func_convert_file_noop
lt_cv_truncate_bin='/usr/bin/dd bs=4096 count=1'

## ----------------- ##
## Output variables. ##
## ----------------- ##

ACLOCAL='${SHELL} /home/mhodges/gem/local/src/texinfo-6.7/src/tp/Texinfo/XS/missing aclocal-1.16'
ALLOCA=''
ALLOCA_H='alloca.h'
AMDEPBACKSLASH='\'
AMDEP_FALSE='#'
AMDEP_TRUE=''
AMTAR='$${TAR-tar}'
AM_BACKSLASH='\'
AM_DEFAULT_V='$(AM_DEFAULT_VERBOSITY)'
AM_DEFAULT_VERBOSITY='1'
AM_V='$(V)'
APPLE_UNIVERSAL_BUILD='0'
AR='ar'
ARFLAGS='cr'
AUTOCONF='${SHELL} /home/mhodges/gem/local/src/texinfo-6.7/src/tp/Texinfo/XS/missing autoconf'
AUTOHEADER='${SHELL} /home/mhodges/gem/local/src/texinfo-6.7/src/tp/Texinfo/XS/missing autoheader'
AUTOMAKE='${SHELL} /home/mhodges/gem/local/src/texinfo-6.7/src/tp/Texinfo/XS/missing automake-1.16'
AWK='gawk'
BITSIZEOF_PTRDIFF_T=''
BITSIZEOF_SIG_ATOMIC_T=''
BITSIZEOF_SIZE_T=''
BITSIZEOF_WCHAR_T=''
BITSIZEOF_WINT_T=''
CC='gcc'
CCDEPMODE='depmode=gcc3'
CFLAGS=''
CPP='gcc -E'
CPPFLAGS=''
CYGPATH_W='echo'
DEFS='-DHAVE_CONFIG_H'
DEPDIR='.deps'
DLLTOOL='false'
DSYMUTIL=''
DUMPBIN=''
ECHO_C=''
ECHO_N='-n'
ECHO_T=''
EGREP='/usr/bin/grep -E'
EMULTIHOP_HIDDEN=''
EMULTIHOP_VALUE=''
ENOLINK_HIDDEN=''
ENOLINK_VALUE=''
EOVERFLOW_HIDDEN=''
EOVERFLOW_VALUE=''
ERRNO_H=''
EXEEXT=''
FGREP='/usr/bin/grep -F'
FLOAT_H=''
GETTEXT_MACRO_VERSION='0.19'
GL_COND_LIBTOOL_FALSE='#'
GL_COND_LIBTOOL_TRUE=''
GL_GENERATE_ALLOCA_H_FALSE='#'
GL_GENERATE_ALLOCA_H_TRUE=''
GL_GENERATE_ERRNO_H_FALSE=''
GL_GENERATE_ERRNO_H_TRUE='#'
GL_GENERATE_FLOAT_H_FALSE=''
GL_GENERATE_FLOAT_H_TRUE='#'
GL_GENERATE_LIMITS_H_FALSE='#'
GL_GENERATE_LIMITS_H_TRUE=''
GL_GENERATE_STDDEF_H_FALSE=''
GL_GENERATE_STDDEF_H_TRUE='#'
GL_GENERATE_STDINT_H_FALSE=''
GL_GENERATE_STDINT_H_TRUE='#'
GMSGFMT='/usr/bin/msgfmt'
GMSGFMT_015='/usr/bin/msgfmt'
GNULIB_BTOWC='0'
GNULIB_DPRINTF='0'
GNULIB_EXPLICIT_BZERO='0'
GNULIB_FCLOSE='0'
GNULIB_FDOPEN='0'
GNULIB_FFLUSH='0'
GNULIB_FFSL='0'
GNULIB_FFSLL='0'
GNULIB_FGETC='1'
GNULIB_FGETS='1'
GNULIB_FOPEN='0'
GNULIB_FPRINTF='1'
GNULIB_FPRINTF_POSIX='0'
GNULIB_FPURGE='0'
GNULIB_FPUTC='1'
GNULIB_FPUTS='1'
GNULIB_FREAD='1'
GNULIB_FREOPEN='0'
GNULIB_FSCANF='1'
GNULIB_FSEEK='0'
GNULIB_FSEEKO='0'
GNULIB_FTELL='0'
GNULIB_FTELLO='0'
GNULIB_FWRITE='1'
GNULIB_GETC='1'
GNULIB_GETCHAR='1'
GNULIB_GETDELIM='1'
GNULIB_GETLINE='1'
GNULIB_MBRLEN='0'
GNULIB_MBRTOWC='0'
GNULIB_MBSCASECMP='0'
GNULIB_MBSCASESTR='0'
GNULIB_MBSCHR='0'
GNULIB_MBSCSPN='0'
GNULIB_MBSINIT='0'
GNULIB_MBSLEN='0'
GNULIB_MBSNCASECMP='0'
GNULIB_MBSNLEN='0'
GNULIB_MBSNRTOWCS='0'
GNULIB_MBSPBRK='0'
GNULIB_MBSPCASECMP='0'
GNULIB_MBSRCHR='0'
GNULIB_MBSRTOWCS='0'
GNULIB_MBSSEP='0'
GNULIB_MBSSPN='0'
GNULIB_MBSSTR='0'
GNULIB_MBSTOK_R='0'
GNULIB_MEMCHR='1'
GNULIB_MEMMEM='0'
GNULIB_MEMPCPY='0'
GNULIB_MEMRCHR='0'
GNULIB_OBSTACK_PRINTF='0'
GNULIB_OBSTACK_PRINTF_POSIX='0'
GNULIB_OVERRIDES_WINT_T='0'
GNULIB_PCLOSE='0'
GNULIB_PERROR='0'
GNULIB_POPEN='0'
GNULIB_PRINTF='1'
GNULIB_PRINTF_POSIX='0'
GNULIB_PUTC='1'
GNULIB_PUTCHAR='1'
GNULIB_PUTS='1'
GNULIB_RAWMEMCHR='1'
GNULIB_REMOVE='0'
GNULIB_RENAME='0'
GNULIB_RENAMEAT='0'
GNULIB_SCANF='1'
GNULIB_SNPRINTF='0'
GNULIB_SPRINTF_POSIX='0'
GNULIB_STDIO_H_NONBLOCKING='0'
GNULIB_STDIO_H_SIGPIPE='0'
GNULIB_STPCPY='0'
GNULIB_STPNCPY='0'
GNULIB_STRCASESTR='0'
GNULIB_STRCHRNUL='1'
GNULIB_STRDUP='0'
GNULIB_STRERROR='0'
GNULIB_STRERROR_R='0'
GNULIB_STRNCAT='0'
GNULIB_STRNDUP='1'
GNULIB_STRNLEN='1'
GNULIB_STRPBRK='0'
GNULIB_STRSEP='0'
GNULIB_STRSIGNAL='0'
GNULIB_STRSTR='0'
GNULIB_STRTOK_R='0'
GNULIB_STRVERSCMP='0'
GNULIB_TMPFILE='0'
GNULIB_VASPRINTF='1'
GNULIB_VDPRINTF='0'
GNULIB_VFPRINTF='1'
GNULIB_VFPRINTF_POSIX='0'
GNULIB_VFSCANF='0'
GNULIB_VPRINTF='1'
GNULIB_VPRINTF_POSIX='0'
GNULIB_VSCANF='0'
GNULIB_VSNPRINTF='0'
GNULIB_VSPRINTF_POSIX='0'
GNULIB_WCPCPY='0'
GNULIB_WCPNCPY='0'
GNULIB_WCRTOMB='0'
GNULIB_WCSCASECMP='0'
GNULIB_WCSCAT='0'
GNULIB_WCSCHR='0'
GNULIB_WCSCMP='0'
GNULIB_WCSCOLL='0'
GNULIB_WCSCPY='0'
GNULIB_WCSCSPN='0'
GNULIB_WCSDUP='0'
GNULIB_WCSFTIME='0'
GNULIB_WCSLEN='0'
GNULIB_WCSNCASECMP='0'
GNULIB_WCSNCAT='0'
GNULIB_WCSNCMP='0'
GNULIB_WCSNCPY='0'
GNULIB_WCSNLEN='0'
GNULIB_WCSNRTOMBS='0'
GNULIB_WCSPBRK='0'
GNULIB_WCSRCHR='0'
GNULIB_WCSRTOMBS='0'
GNULIB_WCSSPN='0'
GNULIB_WCSSTR='0'
GNULIB_WCSTOK='0'
GNULIB_WCSWIDTH='0'
GNULIB_WCSXFRM='0'
GNULIB_WCTOB='0'
GNULIB_WCWIDTH='0'
GNULIB_WMEMCHR='0'
GNULIB_WMEMCMP='0'
GNULIB_WMEMCPY='0'
GNULIB_WMEMMOVE='0'
GNULIB_WMEMSET='0'
GREP='/usr/bin/grep'
HAVE_ALLOCA_H='1'
HAVE_BTOWC='1'
HAVE_C99_STDINT_H='1'
HAVE_CRTDEFS_H='0'
HAVE_DECL_FPURGE='1'
HAVE_DECL_FSEEKO='1'
HAVE_DECL_FTELLO='1'
HAVE_DECL_GETDELIM='1'
HAVE_DECL_GETLINE='1'
HAVE_DECL_MEMMEM='1'
HAVE_DECL_MEMRCHR='1'
HAVE_DECL_OBSTACK_PRINTF='1'
HAVE_DECL_SNPRINTF='1'
HAVE_DECL_STRDUP='1'
HAVE_DECL_STRERROR_R='1'
HAVE_DECL_STRNDUP='1'
HAVE_DECL_STRNLEN='1'
HAVE_DECL_STRSIGNAL='1'
HAVE_DECL_STRTOK_R='1'
HAVE_DECL_VSNPRINTF='1'
HAVE_DECL_WCTOB='1'
HAVE_DECL_WCWIDTH='1'
HAVE_DPRINTF='1'
HAVE_EXPLICIT_BZERO='1'
HAVE_FEATURES_H='1'
HAVE_FFSL='1'
HAVE_FFSLL='1'
HAVE_FSEEKO='1'
HAVE_FTELLO='1'
HAVE_ICONV_FALSE='#'
HAVE_ICONV_TRUE=''
HAVE_INTTYPES_H='1'
HAVE_LONG_LONG_INT='1'
HAVE_MAX_ALIGN_T='1'
HAVE_MBRLEN='1'
HAVE_MBRTOWC='1'
HAVE_MBSINIT='1'
HAVE_MBSLEN='0'
HAVE_MBSNRTOWCS='1'
HAVE_MBSRTOWCS='1'
HAVE_MEMCHR='1'
HAVE_MEMPCPY='1'
HAVE_PCLOSE='1'
HAVE_POPEN='1'
HAVE_RAWMEMCHR='1'
HAVE_RENAMEAT='1'
HAVE_SIGNED_SIG_ATOMIC_T=''
HAVE_SIGNED_WCHAR_T=''
HAVE_SIGNED_WINT_T=''
HAVE_STDINT_H='1'
HAVE_STPCPY='1'
HAVE_STPNCPY='1'
HAVE_STRCASESTR='1'
HAVE_STRCHRNUL='1'
HAVE_STRPBRK='1'
HAVE_STRSEP='1'
HAVE_STRVERSCMP='1'
HAVE_SYS_BITYPES_H='0'
HAVE_SYS_INTTYPES_H='0'
HAVE_SYS_TYPES_H='1'
HAVE_UNSIGNED_LONG_LONG_INT='1'
HAVE_VASPRINTF='1'
HAVE_VDPRINTF='1'
HAVE_WCHAR_H='1'
HAVE_WCHAR_T='1'
HAVE_WCPCPY='1'
HAVE_WCPNCPY='1'
HAVE_WCRTOMB='1'
HAVE_WCSCASECMP='1'
HAVE_WCSCAT='1'
HAVE_WCSCHR='1'
HAVE_WCSCMP='1'
HAVE_WCSCOLL='1'
HAVE_WCSCPY='1'
HAVE_WCSCSPN='1'
HAVE_WCSDUP='1'
HAVE_WCSFTIME='1'
HAVE_WCSLEN='1'
HAVE_WCSNCASECMP='1'
HAVE_WCSNCAT='1'
HAVE_WCSNCMP='1'
HAVE_WCSNCPY='1'
HAVE_WCSNLEN='1'
HAVE_WCSNRTOMBS='1'
HAVE_WCSPBRK='1'
HAVE_WCSRCHR='1'
HAVE_WCSRTOMBS='1'
HAVE_WCSSPN='1'
HAVE_WCSSTR='1'
HAVE_WCSTOK='1'
HAVE_WCSWIDTH='1'
HAVE_WCSXFRM='1'
HAVE_WINT_T='1'
HAVE_WMEMCHR='1'
HAVE_WMEMCMP='1'
HAVE_WMEMCPY='1'
HAVE_WMEMMOVE='1'
HAVE_WMEMSET='1'
HOST_NEEDS_NO_UNDEFINED_FALSE=''
HOST_NEEDS_NO_UNDEFINED_TRUE='#'
INCLUDE_NEXT='include_next'
INCLUDE_NEXT_AS_FIRST_DIRECTIVE='include_next'
INSTALL_DATA='${INSTALL} -m 644'
INSTALL_PROGRAM='${INSTALL}'
INSTALL_SCRIPT='${INSTALL}'
INSTALL_STRIP_PROGRAM='$(install_sh) -c -s'
INTLLIBS=''
LD='/usr/bin/ld -m elf_x86_64'
LDFLAGS=''
LIBICONV=''
LIBINTL=''
LIBOBJS=''
LIBS=''
LIBTOOL='$(SHELL) $(top_builddir)/libtool'
LIMITS_H='limits.h'
LIPO=''
LN_S='ln -s'
LTLIBICONV=''
LTLIBINTL=''
LTLIBOBJS=''
LT_SYS_LIBRARY_PATH=''
MAKEINFO='${SHELL} /home/mhodges/gem/local/src/texinfo-6.7/src/tp/Texinfo/XS/missing makeinfo'
MANIFEST_TOOL=':'
MKDIR_P='/usr/bin/mkdir -p'
MSGFMT='/usr/bin/msgfmt'
MSGFMT_015='/usr/bin/msgfmt'
MSGMERGE='/usr/bin/msgmerge'
NEXT_AS_FIRST_DIRECTIVE_ERRNO_H=''
NEXT_AS_FIRST_DIRECTIVE_FLOAT_H=''
NEXT_AS_FIRST_DIRECTIVE_LIMITS_H='<limits.h>'
NEXT_AS_FIRST_DIRECTIVE_STDDEF_H=''
NEXT_AS_FIRST_DIRECTIVE_STDINT_H='<stdint.h>'
NEXT_AS_FIRST_DIRECTIVE_STDIO_H='<stdio.h>'
NEXT_AS_FIRST_DIRECTIVE_STRING_H='<string.h>'
NEXT_AS_FIRST_DIRECTIVE_SYS_TYPES_H='<sys/types.h>'
NEXT_AS_FIRST_DIRECTIVE_WCHAR_H='<wchar.h>'
NEXT_ERRNO_H=''
NEXT_FLOAT_H=''
NEXT_LIMITS_H='<limits.h>'
NEXT_STDDEF_H=''
NEXT_STDINT_H='<stdint.h>'
NEXT_STDIO_H='<stdio.h>'
NEXT_STRING_H='<string.h>'
NEXT_SYS_TYPES_H='<sys/types.h>'
NEXT_WCHAR_H='<wchar.h>'
NM='/usr/bin/nm -B'
NMEDIT=''
OBJDUMP='objdump'
OBJEXT='o'
OTOOL64=''
OTOOL=''
PACKAGE='texinfo'
PACKAGE_BUGREPORT=''
PACKAGE_NAME='texinfo'
PACKAGE_STRING='texinfo 0'
PACKAGE_TARNAME='texinfo'
PACKAGE_URL=''
PACKAGE_VERSION='0'
PATH_SEPARATOR=':'
PERL='/usr/bin/perl'
PERL_CONF_archlibexp='/usr/lib64/perl5'
PERL_CONF_cc='gcc'
PERL_CONF_cccdlflags='-fPIC'
PERL_CONF_ccdlflags='-Wl,--enable-new-dtags -Wl,-z,relro -Wl,--as-needed -Wl,-z,now -specs=/usr/lib/rpm/redhat/redhat-hardened-ld'
PERL_CONF_ccflags='-D_REENTRANT -D_GNU_SOURCE -O2 -g -pipe -Wall -Werror=format-security -Wp,-D_FORTIFY_SOURCE=2 -Wp,-D_GLIBCXX_ASSERTIONS -fexceptions -fstack-protector-strong -grecord-gcc-switches -specs=/usr/lib/rpm/redhat/redhat-hardened-cc1 -specs=/usr/lib/rpm/redhat/redhat-annobin-cc1 -m64 -mtune=generic -fasynchronous-unwind-tables -fstack-clash-protection -fcf-protection -fwrapv -fno-strict-aliasing -I/usr/local/include -D_LARGEFILE_SOURCE -D_FILE_OFFSET_BITS=64'
PERL_CONF_libperl='-lperl'
PERL_CONF_optimize=' -g'
PERL_CONF_privlibexp='/usr/share/perl5'
PERL_EXT_CC=''
PERL_EXT_CFLAGS=''
PERL_EXT_CPPFLAGS=''
PERL_EXT_LDFLAGS=''
POSUB='po'
PRAGMA_COLUMNS=''
PRAGMA_SYSTEM_HEADER='#pragma GCC system_header'
PTRDIFF_T_SUFFIX=''
RANLIB='ranlib'
REPLACE_BTOWC='0'
REPLACE_DPRINTF='0'
REPLACE_FCLOSE='0'
REPLACE_FDOPEN='0'
REPLACE_FFLUSH='0'
REPLACE_FOPEN='0'
REPLACE_FPRINTF='0'
REPLACE_FPURGE='0'
REPLACE_FREOPEN='0'
REPLACE_FSEEK='0'
REPLACE_FSEEKO='0'
REPLACE_FTELL='0'
REPLACE_FTELLO='0'
REPLACE_GETDELIM='0'
REPLACE_GETLINE='0'
REPLACE_ITOLD='0'
REPLACE_MBRLEN='0'
REPLACE_MBRTOWC='0'
REPLACE_MBSINIT='0'
REPLACE_MBSNRTOWCS='0'
REPLACE_MBSRTOWCS='0'
REPLACE_MBSTATE_T='0'
REPLACE_MEMCHR='0'
REPLACE_MEMMEM='0'
REPLACE_NULL='0'
REPLACE_OBSTACK_PRINTF='0'
REPLACE_PERROR='0'
REPLACE_POPEN='0'
REPLACE_PRINTF='0'
REPLACE_REMOVE='0'
REPLACE_RENAME='0'
REPLACE_RENAMEAT='0'
REPLACE_SNPRINTF='0'
REPLACE_SPRINTF='0'
REPLACE_STDIO_READ_FUNCS='0'
REPLACE_STDIO_WRITE_FUNCS='0'
REPLACE_STPNCPY='0'
REPLACE_STRCASESTR='0'
REPLACE_STRCHRNUL='0'
REPLACE_STRDUP='0'
REPLACE_STRERROR='0'
REPLACE_STRERROR_R='0'
REPLACE_STRNCAT='0'
REPLACE_STRNDUP='0'
REPLACE_STRNLEN='0'
REPLACE_STRSIGNAL='0'
REPLACE_STRSTR='0'
REPLACE_STRTOK_R='0'
REPLACE_TMPFILE='0'
REPLACE_VASPRINTF='0'
REPLACE_VDPRINTF='0'
REPLACE_VFPRINTF='0'
REPLACE_VPRINTF='0'
REPLACE_VSNPRINTF='0'
REPLACE_VSPRINTF='0'
REPLACE_WCRTOMB='0'
REPLACE_WCSFTIME='0'
REPLACE_WCSNRTOMBS='0'
REPLACE_WCSRTOMBS='0'
REPLACE_WCSWIDTH='0'
REPLACE_WCTOB='0'
REPLACE_WCWIDTH='0'
SED='/usr/bin/sed'
SET_MAKE=''
SHELL='/bin/sh'
SIG_ATOMIC_T_SUFFIX=''
SIZE_T_SUFFIX=''
STDDEF_H=''
STDINT_H=''
STRIP='strip'
UNDEFINE_STRTOK_R='0'
USE_NLS='yes'
VERSION='0'
WCHAR_T_SUFFIX=''
WINDOWS_64_BIT_OFF_T='0'
WINDOWS_STAT_INODES='0'
WINT_T_SUFFIX=''
XGETTEXT='/usr/bin/xgettext'
XGETTEXT_015='/usr/bin/xgettext'
XGETTEXT_EXTRA_OPTIONS=' --flag=asprintf:2:c-format --flag=vasprintf:2:c-format'
XSUBPP='${SHELL} /home/mhodges/gem/local/src/texinfo-6.7/src/tp/Texinfo/XS/missing xsubpp'
ac_ct_AR='ar'
ac_ct_CC=''
ac_ct_DUMPBIN=''
am__EXEEXT_FALSE=''
am__EXEEXT_TRUE='#'
am__fastdepCC_FALSE='#'
am__fastdepCC_TRUE=''
am__include='include'
am__isrc=' -I$(srcdir)'
am__leading_dot='.'
am__nodep='_no'
am__quote=''
am__tar='$${TAR-tar} chof - "$$tardir"'
am__untar='$${TAR-tar} xf -'
bindir='${exec_prefix}/bin'
build='x86_64-pc-linux-gnu'
build_alias='x86_64-pc-linux-gnu'
build_cpu='x86_64'
build_os='linux-gnu'
build_vendor='pc'
datadir='${datarootdir}'
datarootdir='${prefix}/share'
docdir='${datarootdir}/doc/${PACKAGE_TARNAME}'
dvidir='${docdir}'
exec_prefix='${prefix}'
gl_LIBOBJS=' asnprintf.o printf-args.o printf-parse.o vasnprintf.o'
gl_LTLIBOBJS=' asnprintf.lo printf-args.lo printf-parse.lo vasnprintf.lo'
gltests_LIBOBJS=''
gltests_LTLIBOBJS=''
gltests_WITNESS='IN_TEXINFO_GNULIB_TESTS'
host='x86_64-pc-linux-gnu'
host_alias='x86_64-pc-linux-gnu'
host_cpu='x86_64'
host_os='linux-gnu'
host_vendor='pc'
htmldir='${docdir}'
includedir='${prefix}/include'
infodir='${datarootdir}/info'
install_sh='${SHELL} /home/mhodges/gem/local/src/texinfo-6.7/src/tp/Texinfo/XS/install-sh'
libdir='${exec_prefix}/lib'
libexecdir='${exec_prefix}/libexec'
localedir='${datarootdir}/locale'
localstatedir='${prefix}/var'
mandir='${datarootdir}/man'
mkdir_p='$(MKDIR_P)'
oldincludedir='/usr/include'
pdfdir='${docdir}'
prefix='/home/mhodges/gem/local_x86_64-pc-linux-gnu/release'
program_transform_name='s,x,x,'
psdir='${docdir}'
sbindir='${exec_prefix}/sbin'
sharedstatedir='${prefix}/com'
sysconfdir='${prefix}/etc'
target_alias='x86_64-pc-linux-gnu'

## ----------- ##
## confdefs.h. ##
## ----------- ##

/* confdefs.h */
#define PACKAGE_NAME "texinfo"
#define PACKAGE_TARNAME "texinfo"
#define PACKAGE_VERSION "0"
#define PACKAGE_STRING "texinfo 0"
#define PACKAGE_BUGREPORT ""
#define PACKAGE_URL ""
#define PACKAGE "texinfo"
#define VERSION "0"
#define STDC_HEADERS 1
#define HAVE_SYS_TYPES_H 1
#define HAVE_SYS_STAT_H 1
#define HAVE_STDLIB_H 1
#define HAVE_STRING_H 1
#define HAVE_MEMORY_H 1
#define HAVE_STRINGS_H 1
#define HAVE_INTTYPES_H 1
#define HAVE_STDINT_H 1
#define HAVE_UNISTD_H 1
#define __EXTENSIONS__ 1
#define _ALL_SOURCE 1
#define _DARWIN_C_SOURCE 1
#define _GNU_SOURCE 1
#define _NETBSD_SOURCE 1
#define _OPENBSD_SOURCE 1
#define _POSIX_PTHREAD_SEMANTICS 1
#define __STDC_WANT_IEC_60559_ATTRIBS_EXT__ 1
#define __STDC_WANT_IEC_60559_BFP_EXT__ 1
#define __STDC_WANT_IEC_60559_DFP_EXT__ 1
#define __STDC_WANT_IEC_60559_FUNCS_EXT__ 1
#define __STDC_WANT_IEC_60559_TYPES_EXT__ 1
#define __STDC_WANT_LIB_EXT2__ 1
#define __STDC_WANT_MATH_SPEC_FUNCS__ 1
#define _TANDEM_SOURCE 1
#define _HPUX_ALT_XOPEN_SOCKET_API 1
#define ENABLE_NLS 1
#define HAVE_GETTEXT 1
#define HAVE_DCGETTEXT 1
#define HAVE_ALLOCA_H 1
#define HAVE_ALLOCA 1
#define HAVE_DECL_GETDELIM 1
#define HAVE_GETDELIM 1
#define HAVE_MPROTECT 1
#define HAVE_STRNDUP 1
#define HAVE_SNPRINTF 1
#define HAVE_DECL_GETLINE 1
#define HAVE_ICONV 1
#define ICONV_CONST 
#define HAVE_LIMITS_H 1
#define HAVE_SYS_MMAN_H 1
#define HAVE_WCHAR_H 1
#define HAVE_STDINT_H 1
#define HAVE_FEATURES_H 1
#define HAVE_MAP_ANONYMOUS 1
#define HAVE_WCHAR_T 1
#define HAVE_WINT_T 1
#define HAVE_UNSIGNED_LONG_LONG_INT 1
#define HAVE_LONG_LONG_INT 1
#define restrict __restrict
#define HAVE_DECL_STRNDUP 1
#define HAVE_DECL_STRNLEN 1
#define _USE_STD_STAT 1
#define HAVE_INTTYPES_H_WITH_UINTMAX 1
#define HAVE_STDINT_H_WITH_UINTMAX 1
#define HAVE_INTMAX_T 1
#define DBL_EXPBIT0_WORD 1
#define DBL_EXPBIT0_BIT 20
#define HAVE_SNPRINTF 1
#define HAVE_STRNLEN 1
#define HAVE_WCSLEN 1
#define HAVE_WCSNLEN 1
#define HAVE_MBRTOWC 1
#define HAVE_WCRTOMB 1
#define HAVE_DECL__SNPRINTF 0
#define HAVE_SNPRINTF_RETVAL_C99 1
#define HAVE_ALLOCA 1
#define GNULIB_TEST_GETDELIM 1
#define GNULIB_TEST_GETLINE 1
#define GNULIB_TEST_MEMCHR 1
#define HAVE_RAWMEMCHR 1
#define GNULIB_TEST_RAWMEMCHR 1
#define HAVE_STDINT_H 1
#define __USE_MINGW_ANSI_STDIO 1
#define GNULIB_FSCANF 1
#define GNULIB_SCANF 1
#define HAVE_STRCHRNUL 1
#define GNULIB_TEST_STRCHRNUL 1
#define GNULIB_TEST_STRNDUP 1
#define GNULIB_TEST_STRNLEN 1
#define HAVE_VASPRINTF 1
#define GNULIB_TEST_VASPRINTF 1
#define HAVE_STDINT_H 1
#define HAVE_DLFCN_H 1
#define LT_OBJDIR ".libs/"

configure: exit 0
